Using pre-set license
Built from '2021.2/staging' branch; Version is '2021.2.3f1 (32358a8527b4) revision 3290506'; Using compiler version '192829333'; Build Type 'Release'
OS: 'Windows 10 Home Single Language; OS build 19043.1348; Version 2009; 64bit' Language: 'en' Physical Memory: 7599 MB
BatchMode: 1, IsHumanControllingUs: 0, StartBugReporterOnCrash: 0, Is64bit: 1, IsPro: 0

COMMAND LINE ARGUMENTS:
C:\Program Files\Unity\Hub\Editor\2021.2.3f1\Editor\Unity.exe
-adb2
-batchMode
-noUpm
-name
AssetImportWorker0
-projectPath
C:/Users/asus/OneDrive/Desktop/Projects/Unity projects/GamePhysicsPrj
-logFile
Logs/AssetImportWorker0.log
-srvPort
49933
Successfully changed project path to: C:/Users/asus/OneDrive/Desktop/Projects/Unity projects/GamePhysicsPrj
C:/Users/asus/OneDrive/Desktop/Projects/Unity projects/GamePhysicsPrj
[UnityMemory] Configuration Parameters - Can be set up in boot.config
    "memorysetup-bucket-allocator-granularity=16"
    "memorysetup-bucket-allocator-bucket-count=8"
    "memorysetup-bucket-allocator-block-size=33554432"
    "memorysetup-bucket-allocator-block-count=8"
    "memorysetup-main-allocator-block-size=16777216"
    "memorysetup-thread-allocator-block-size=16777216"
    "memorysetup-gfx-main-allocator-block-size=16777216"
    "memorysetup-gfx-thread-allocator-block-size=16777216"
    "memorysetup-cache-allocator-block-size=4194304"
    "memorysetup-typetree-allocator-block-size=2097152"
    "memorysetup-profiler-bucket-allocator-granularity=16"
    "memorysetup-profiler-bucket-allocator-bucket-count=8"
    "memorysetup-profiler-bucket-allocator-block-size=33554432"
    "memorysetup-profiler-bucket-allocator-block-count=8"
    "memorysetup-profiler-allocator-block-size=16777216"
    "memorysetup-profiler-editor-allocator-block-size=1048576"
    "memorysetup-temp-allocator-size-main=16777216"
    "memorysetup-job-temp-allocator-block-size=2097152"
    "memorysetup-job-temp-allocator-block-size-background=1048576"
    "memorysetup-job-temp-allocator-reduction-small-platforms=262144"
    "memorysetup-temp-allocator-size-background-worker=32768"
    "memorysetup-temp-allocator-size-job-worker=262144"
    "memorysetup-temp-allocator-size-preload-manager=33554432"
    "memorysetup-temp-allocator-size-nav-mesh-worker=65536"
    "memorysetup-temp-allocator-size-audio-worker=65536"
    "memorysetup-temp-allocator-size-cloud-worker=32768"
    "memorysetup-temp-allocator-size-gi-baking-worker=262144"
    "memorysetup-temp-allocator-size-gfx=262144"
Refreshing native plugins compatible for Editor in 84.56 ms, found 3 plugins.
Preloading 0 native plugins for Editor in 0.00 ms.
Initialize engine version: 2021.2.3f1 (32358a8527b4)
[Subsystems] Discovering subsystems at path C:/Program Files/Unity/Hub/Editor/2021.2.3f1/Editor/Data/Resources/UnitySubsystems
[Subsystems] Discovering subsystems at path C:/Users/asus/OneDrive/Desktop/Projects/Unity projects/GamePhysicsPrj/Assets
GfxDevice: creating device client; threaded=0; jobified=0
Direct3D:
    Version:  Direct3D 11.0 [level 11.1]
    Renderer: NVIDIA GeForce GTX 1650 (ID=0x1f99)
    Vendor:   NVIDIA
    VRAM:     3962 MB
    Driver:   30.0.14.9676
Initialize mono
Mono path[0] = 'C:/Program Files/Unity/Hub/Editor/2021.2.3f1/Editor/Data/Managed'
Mono path[1] = 'C:/Program Files/Unity/Hub/Editor/2021.2.3f1/Editor/Data/MonoBleedingEdge/lib/mono/unityjit-win32'
Mono config path = 'C:/Program Files/Unity/Hub/Editor/2021.2.3f1/Editor/Data/MonoBleedingEdge/etc'
Using monoOptions --debugger-agent=transport=dt_socket,embedding=1,server=y,suspend=n,address=127.0.0.1:56156
Begin MonoManager ReloadAssembly
Registering precompiled unity dll's ...
Register platform support module: C:/Program Files/Unity/Hub/Editor/2021.2.3f1/Editor/Data/PlaybackEngines/WindowsStandaloneSupport/UnityEditor.WindowsStandalone.Extensions.dll
Registered in 0.009806 seconds.
Native extension for WindowsStandalone target not found
Refreshing native plugins compatible for Editor in 81.68 ms, found 3 plugins.
Preloading 0 native plugins for Editor in 0.00 ms.
Mono: successfully reloaded assembly
- Completed reload, in  0.672 seconds
Domain Reload Profiling:
	ReloadAssembly (672ms)
		BeginReloadAssembly (93ms)
			ExecutionOrderSort (0ms)
			DisableScriptedObjects (0ms)
			BackupInstance (0ms)
			ReleaseScriptingObjects (0ms)
			CreateAndSetChildDomain (1ms)
		EndReloadAssembly (483ms)
			LoadAssemblies (90ms)
			RebuildTransferFunctionScriptingTraits (0ms)
			SetupTypeCache (115ms)
			ReleaseScriptCaches (0ms)
			RebuildScriptCaches (30ms)
			SetupLoadedEditorAssemblies (283ms)
				LogAssemblyErrors (0ms)
				InitializePlatformSupportModulesInManaged (16ms)
				SetLoadedEditorAssemblies (0ms)
				RefreshPlugins (82ms)
				BeforeProcessingInitializeOnLoad (1ms)
				ProcessInitializeOnLoadAttributes (133ms)
				ProcessInitializeOnLoadMethodAttributes (50ms)
				AfterProcessingInitializeOnLoad (0ms)
				EditorAssembliesLoaded (0ms)
			ExecutionOrderSort2 (0ms)
			AwakeInstancesAfterBackupRestoration (0ms)
Platform modules already initialized, skipping
Registering precompiled user dll's ...
Registered in 0.011871 seconds.
Begin MonoManager ReloadAssembly
Symbol file LoadedFromMemory doesn't match image C:\Users\asus\OneDrive\Desktop\Projects\Unity projects\GamePhysicsPrj\Library\PackageCache\com.unity.visualscripting@1.7.5\Editor\VisualScripting.Core\Dependencies\YamlDotNet\Unity.VisualScripting.YamlDotNet.dll
Symbol file LoadedFromMemory doesn't match image C:\Users\asus\OneDrive\Desktop\Projects\Unity projects\GamePhysicsPrj\Library\PackageCache\com.unity.visualscripting@1.7.5\Editor\VisualScripting.Core\Dependencies\DotNetZip\Unity.VisualScripting.IonicZip.dll
Native extension for WindowsStandalone target not found
Refreshing native plugins compatible for Editor in 0.99 ms, found 3 plugins.
Preloading 0 native plugins for Editor in 0.00 ms.
Mono: successfully reloaded assembly
- Completed reload, in  1.432 seconds
Domain Reload Profiling:
	ReloadAssembly (1433ms)
		BeginReloadAssembly (192ms)
			ExecutionOrderSort (0ms)
			DisableScriptedObjects (8ms)
			BackupInstance (0ms)
			ReleaseScriptingObjects (0ms)
			CreateAndSetChildDomain (23ms)
		EndReloadAssembly (1101ms)
			LoadAssemblies (108ms)
			RebuildTransferFunctionScriptingTraits (0ms)
			SetupTypeCache (356ms)
			ReleaseScriptCaches (1ms)
			RebuildScriptCaches (78ms)
			SetupLoadedEditorAssemblies (439ms)
				LogAssemblyErrors (0ms)
				InitializePlatformSupportModulesInManaged (18ms)
				SetLoadedEditorAssemblies (1ms)
				RefreshPlugins (1ms)
				BeforeProcessingInitializeOnLoad (110ms)
				ProcessInitializeOnLoadAttributes (268ms)
				ProcessInitializeOnLoadMethodAttributes (30ms)
				AfterProcessingInitializeOnLoad (11ms)
				EditorAssembliesLoaded (0ms)
			ExecutionOrderSort2 (0ms)
			AwakeInstancesAfterBackupRestoration (6ms)
Platform modules already initialized, skipping
========================================================================
Worker process is ready to serve import requests
Launched and connected shader compiler UnityShaderCompiler.exe after 0.11 seconds
Refreshing native plugins compatible for Editor in 1.78 ms, found 3 plugins.
Preloading 0 native plugins for Editor in 0.00 ms.
Unloading 3210 Unused Serialized files (Serialized files now loaded: 0)
Unloading 26 unused Assets / (111.8 KB). Loaded Objects now: 3691.
Memory consumption went from 134.8 MB to 134.7 MB.
Total: 5.314500 ms (FindLiveObjects: 0.646400 ms CreateObjectMapping: 0.260400 ms MarkObjects: 4.200900 ms  DeleteObjects: 0.205100 ms)

AssetImportParameters requested are different than current active one (requested -> active):
  custom:video-decoder-ogg-theora: a1e56fd34408186e4bbccfd4996cb3dc -> 
  custom:container-muxer-webm: aa71ff27fc2769a1b78a27578f13a17b -> 
  custom:container-demuxer-webm: 4f35f7cbe854078d1ac9338744f61a02 -> 
  custom:video-encoder-webm-vp8: eb34c28f22e8b96e1ab97ce403110664 -> 
  custom:video-codec-MediaFoundation-h265: 746d11721c4dcdbdad8f713fa42b33f4 -> 
  custom:audio-encoder-webm-vorbis: bf7c407c2cedff20999df2af8eb42d56 -> 
  custom:framework-win-MediaFoundation: 216162199b28c13a410421893ffa2e32 -> 
  custom:container-demuxer-ogg: 62fdf1f143b41e24485cea50d1cbac27 -> 
  custom:video-decoder-webm-vp8: 9c59270c3fd7afecdb556c50c9e8de78 -> 
  custom:audio-decoder-ogg-vorbis: bf7c407c2cedff20999df2af8eb42d56 -> 
========================================================================
Received Import Request.
  Time since last request: 9093.331535 seconds.
  path: Assets/New Terrain.asset
  artifactKey: Guid(323a3c0853e0a56419607f5d18c99a8b) Importer(815301076,1909f56bfc062723c751e8b465ee728b)
Start importing Assets/New Terrain.asset using Guid(323a3c0853e0a56419607f5d18c99a8b) Importer(815301076,1909f56bfc062723c751e8b465ee728b) The tree PalmTreeDualBendedOneSided couldn't be instanced because the prefab contains no valid mesh renderer.
 -> (artifact id: 'aea20d8d0301c654136ea34817a64750') in 0.069955 seconds 
========================================================================
Received Import Request.
  Time since last request: 142.149333 seconds.
  path: Assets/New Terrain 1.asset
  artifactKey: Guid(ddc833f830390ab4fa32198a408b275a) Importer(815301076,1909f56bfc062723c751e8b465ee728b)
Start importing Assets/New Terrain 1.asset using Guid(ddc833f830390ab4fa32198a408b275a) Importer(815301076,1909f56bfc062723c751e8b465ee728b)  -> (artifact id: '3eeedc91b7ff3175b3320c925938a40c') in 0.014606 seconds 
========================================================================
Received Import Request.
  Time since last request: 92.332998 seconds.
  path: Assets/New Terrain.asset
  artifactKey: Guid(323a3c0853e0a56419607f5d18c99a8b) Importer(815301076,1909f56bfc062723c751e8b465ee728b)
Start importing Assets/New Terrain.asset using Guid(323a3c0853e0a56419607f5d18c99a8b) Importer(815301076,1909f56bfc062723c751e8b465ee728b)  -> (artifact id: '99febce3d445758b7cfca40b04b92652') in 0.011300 seconds 
========================================================================
Received Import Request.
  Time since last request: 2373.273553 seconds.
  path: Assets/RT.jpg
  artifactKey: Guid(baf7d3d031fc0f342aa662ec687a829f) Importer(815301076,1909f56bfc062723c751e8b465ee728b)
Start importing Assets/RT.jpg using Guid(baf7d3d031fc0f342aa662ec687a829f) Importer(815301076,1909f56bfc062723c751e8b465ee728b)  -> (artifact id: 'c14f54c963eed630e51690e9c3dcee58') in 0.317565 seconds 
========================================================================
Received Import Request.
  Time since last request: 2441.504871 seconds.
  path: Assets/Yughues Free Palm Trees/Textures/Palm trees diffuse.tga
  artifactKey: Guid(238ec53f1682958499b657692cb298fc) Importer(815301076,1909f56bfc062723c751e8b465ee728b)
Start importing Assets/Yughues Free Palm Trees/Textures/Palm trees diffuse.tga using Guid(238ec53f1682958499b657692cb298fc) Importer(815301076,1909f56bfc062723c751e8b465ee728b)  -> (artifact id: '3508f59a8be5d8946c32856d153b6637') in 0.072421 seconds 
========================================================================
Received Import Request.
  Time since last request: 13.577326 seconds.
  path: Assets/ADG_Textures/ground_vol1/ground6/ground6_Ambient_Occlusion.tga
  artifactKey: Guid(ebd3d1a8771ae20409976ac604480143) Importer(815301076,1909f56bfc062723c751e8b465ee728b)
Start importing Assets/ADG_Textures/ground_vol1/ground6/ground6_Ambient_Occlusion.tga using Guid(ebd3d1a8771ae20409976ac604480143) Importer(815301076,1909f56bfc062723c751e8b465ee728b)  -> (artifact id: 'b060dd3784bb7fe169eadbe5b9725d9e') in 0.035247 seconds 
========================================================================
Received Import Request.
  Time since last request: 0.348438 seconds.
  path: Assets/ADG_Textures/ground_vol1/ground6/ground6_Height.tga
  artifactKey: Guid(083decf4ef7144f4bb014384ac1044b0) Importer(815301076,1909f56bfc062723c751e8b465ee728b)
Start importing Assets/ADG_Textures/ground_vol1/ground6/ground6_Height.tga using Guid(083decf4ef7144f4bb014384ac1044b0) Importer(815301076,1909f56bfc062723c751e8b465ee728b)  -> (artifact id: 'bad36259ef984cec362100a2d8bb6c39') in 0.034734 seconds 
========================================================================
Received Import Request.
  Time since last request: 0.456903 seconds.
  path: Assets/ADG_Textures/ground_vol1/ground6/ground6_Normal.tga
  artifactKey: Guid(7fa0035d52e52164dbe94df41517b0b7) Importer(815301076,1909f56bfc062723c751e8b465ee728b)
Start importing Assets/ADG_Textures/ground_vol1/ground6/ground6_Normal.tga using Guid(7fa0035d52e52164dbe94df41517b0b7) Importer(815301076,1909f56bfc062723c751e8b465ee728b)  -> (artifact id: '3786753a8a88044c0e611d3b65a141e1') in 0.076571 seconds 
========================================================================
Received Import Request.
  Time since last request: 0.000041 seconds.
  path: Assets/ADG_Textures/ground_vol1/ground7/ground7_Height.tga
  artifactKey: Guid(7675b323e40eb7d448be59ef94396cca) Importer(815301076,1909f56bfc062723c751e8b465ee728b)
Start importing Assets/ADG_Textures/ground_vol1/ground7/ground7_Height.tga using Guid(7675b323e40eb7d448be59ef94396cca) Importer(815301076,1909f56bfc062723c751e8b465ee728b)  -> (artifact id: 'acb391d56ec7c0bcc29cb941dec59284') in 0.035118 seconds 
========================================================================
Received Import Request.
  Time since last request: 0.349930 seconds.
  path: Assets/ADG_Textures/ground_vol1/ground7/ground7_Metallic.tga
  artifactKey: Guid(e9d30098b0fc07a4887f73b87ad656f5) Importer(815301076,1909f56bfc062723c751e8b465ee728b)
Start importing Assets/ADG_Textures/ground_vol1/ground7/ground7_Metallic.tga using Guid(e9d30098b0fc07a4887f73b87ad656f5) Importer(815301076,1909f56bfc062723c751e8b465ee728b)  -> (artifact id: 'ff96ed7cb820c3739c41e32ad2d13945') in 0.038379 seconds 
========================================================================
Received Import Request.
  Time since last request: 0.000027 seconds.
  path: Assets/ADG_Textures/ground_vol1/ground8/ground8_Diffuse.tga
  artifactKey: Guid(27dcac97c77064349b5278157901e387) Importer(815301076,1909f56bfc062723c751e8b465ee728b)
Start importing Assets/ADG_Textures/ground_vol1/ground8/ground8_Diffuse.tga using Guid(27dcac97c77064349b5278157901e387) Importer(815301076,1909f56bfc062723c751e8b465ee728b)  -> (artifact id: '612224d2236cc2f40233afea3b4db7a5') in 0.039322 seconds 
========================================================================
Received Import Request.
  Time since last request: 0.372188 seconds.
  path: Assets/ADG_Textures/ground_vol1/ground8/ground8_Height.tga
  artifactKey: Guid(197149ea2860411408a82a7da3570ccc) Importer(815301076,1909f56bfc062723c751e8b465ee728b)
Start importing Assets/ADG_Textures/ground_vol1/ground8/ground8_Height.tga using Guid(197149ea2860411408a82a7da3570ccc) Importer(815301076,1909f56bfc062723c751e8b465ee728b)  -> (artifact id: '38a4f474cadef0cda431e30fcb8d633e') in 0.031750 seconds 
========================================================================
Received Import Request.
  Time since last request: 0.000046 seconds.
  path: Assets/ADG_Textures/ground_vol1/ground9/ground9_Ambient_Occlusion.tga
  artifactKey: Guid(60662f4bc5917c94986801d53f5ee99f) Importer(815301076,1909f56bfc062723c751e8b465ee728b)
Start importing Assets/ADG_Textures/ground_vol1/ground9/ground9_Ambient_Occlusion.tga using Guid(60662f4bc5917c94986801d53f5ee99f) Importer(815301076,1909f56bfc062723c751e8b465ee728b)  -> (artifact id: '1ccd61e4c0a167f4506a4db22d3a68c6') in 0.040553 seconds 
========================================================================
Received Import Request.
  Time since last request: 0.041707 seconds.
  path: Assets/ADG_Textures/ground_vol1/ground9/ground9_Diffuse.tga
  artifactKey: Guid(9d90663c9ea0d484eae41530ee2031c5) Importer(815301076,1909f56bfc062723c751e8b465ee728b)
Start importing Assets/ADG_Textures/ground_vol1/ground9/ground9_Diffuse.tga using Guid(9d90663c9ea0d484eae41530ee2031c5) Importer(815301076,1909f56bfc062723c751e8b465ee728b)  -> (artifact id: '4946edf8db4ff8597489835432317099') in 0.029738 seconds 
========================================================================
Received Import Request.
  Time since last request: 0.285095 seconds.
  path: Assets/ADG_Textures/ground_vol1/ground9/ground9_Metallic.tga
  artifactKey: Guid(e0fd2876c23733c4ebf4f3771c51dd3f) Importer(815301076,1909f56bfc062723c751e8b465ee728b)
Start importing Assets/ADG_Textures/ground_vol1/ground9/ground9_Metallic.tga using Guid(e0fd2876c23733c4ebf4f3771c51dd3f) Importer(815301076,1909f56bfc062723c751e8b465ee728b)  -> (artifact id: '5b1b36a61efe03312cff1e2ca026ae92') in 0.031233 seconds 
========================================================================
Received Import Request.
  Time since last request: 0.070007 seconds.
  path: Assets/ADG_Textures/ground_vol1/ground10/ground10_Ambient_Occlusion.tga
  artifactKey: Guid(24681add3f24f044daca3cc8a13e6395) Importer(815301076,1909f56bfc062723c751e8b465ee728b)
Start importing Assets/ADG_Textures/ground_vol1/ground10/ground10_Ambient_Occlusion.tga using Guid(24681add3f24f044daca3cc8a13e6395) Importer(815301076,1909f56bfc062723c751e8b465ee728b)  -> (artifact id: 'be6e3414772843f25bb4e92742dc3a29') in 0.033335 seconds 
========================================================================
Received Import Request.
  Time since last request: 0.310697 seconds.
  path: Assets/ADG_Textures/ground_vol1/ground10/ground10_Height.tga
  artifactKey: Guid(4410fd6b36868554398d61186f5d8f01) Importer(815301076,1909f56bfc062723c751e8b465ee728b)
Start importing Assets/ADG_Textures/ground_vol1/ground10/ground10_Height.tga using Guid(4410fd6b36868554398d61186f5d8f01) Importer(815301076,1909f56bfc062723c751e8b465ee728b)  -> (artifact id: 'ce2f5ef663a316936df3ce857d2b33d6') in 0.031156 seconds 
========================================================================
Received Import Request.
  Time since last request: 0.000060 seconds.
  path: Assets/ADG_Textures/ground_vol1/ground11/ground11_Ambient_Occlusion.tga
  artifactKey: Guid(1c2b00545d9509e49870ddf237e576cf) Importer(815301076,1909f56bfc062723c751e8b465ee728b)
Start importing Assets/ADG_Textures/ground_vol1/ground11/ground11_Ambient_Occlusion.tga using Guid(1c2b00545d9509e49870ddf237e576cf) Importer(815301076,1909f56bfc062723c751e8b465ee728b)  -> (artifact id: 'b8928d8eba368f5adf5a99d2bb9f8d09') in 0.038240 seconds 
========================================================================
Received Import Request.
  Time since last request: 0.000061 seconds.
  path: Assets/ADG_Textures/ground_vol1/ground11/ground11_Height.tga
  artifactKey: Guid(cd4707edccbd4f549a34eebe19497b9a) Importer(815301076,1909f56bfc062723c751e8b465ee728b)
Start importing Assets/ADG_Textures/ground_vol1/ground11/ground11_Height.tga using Guid(cd4707edccbd4f549a34eebe19497b9a) Importer(815301076,1909f56bfc062723c751e8b465ee728b)  -> (artifact id: 'a512a5667662d2b3ee5642150fd34232') in 0.039721 seconds 
========================================================================
Received Import Request.
  Time since last request: 0.346050 seconds.
  path: Assets/ADG_Textures/ground_vol1/ground11/ground11_Metallic.tga
  artifactKey: Guid(fdc3ee6e61750944387c2bddc6de10ab) Importer(815301076,1909f56bfc062723c751e8b465ee728b)
Start importing Assets/ADG_Textures/ground_vol1/ground11/ground11_Metallic.tga using Guid(fdc3ee6e61750944387c2bddc6de10ab) Importer(815301076,1909f56bfc062723c751e8b465ee728b)  -> (artifact id: '4720429292889b18874409b833681da3') in 0.031323 seconds 
========================================================================
Received Import Request.
  Time since last request: 0.312032 seconds.
  path: Assets/ADG_Textures/ground_vol1/ground12/ground12_Ambient_Occlusion.tga
  artifactKey: Guid(486d05903420710488646c5c8e8fd3a6) Importer(815301076,1909f56bfc062723c751e8b465ee728b)
Start importing Assets/ADG_Textures/ground_vol1/ground12/ground12_Ambient_Occlusion.tga using Guid(486d05903420710488646c5c8e8fd3a6) Importer(815301076,1909f56bfc062723c751e8b465ee728b)  -> (artifact id: '5ffb04c826ea5355f4362418a1b69c76') in 0.029541 seconds 
========================================================================
Received Import Request.
  Time since last request: 0.049743 seconds.
  path: Assets/ADG_Textures/ground_vol1/ground12/ground12_Height.tga
  artifactKey: Guid(b320db6f22b011142b1e27bce43eb699) Importer(815301076,1909f56bfc062723c751e8b465ee728b)
Start importing Assets/ADG_Textures/ground_vol1/ground12/ground12_Height.tga using Guid(b320db6f22b011142b1e27bce43eb699) Importer(815301076,1909f56bfc062723c751e8b465ee728b)  -> (artifact id: 'f7ef10d7b7a153574f25f0887907e820') in 0.031560 seconds 
========================================================================
Received Import Request.
  Time since last request: 0.000025 seconds.
  path: Assets/ADG_Textures/ground_vol1/ground12/ground12_Normal.tga
  artifactKey: Guid(817358eba3aa2e34e9a0f73eb7850fe9) Importer(815301076,1909f56bfc062723c751e8b465ee728b)
Start importing Assets/ADG_Textures/ground_vol1/ground12/ground12_Normal.tga using Guid(817358eba3aa2e34e9a0f73eb7850fe9) Importer(815301076,1909f56bfc062723c751e8b465ee728b)  -> (artifact id: '5bc6fdf7f68b41a254481e01733f9420') in 0.045320 seconds 
========================================================================
Received Import Request.
  Time since last request: 0.284219 seconds.
  path: Assets/ADG_Textures/ground_vol1/ground13/ground13_Diffuse.tga
  artifactKey: Guid(cce9f7be0e1b10244979707127c0bfc5) Importer(815301076,1909f56bfc062723c751e8b465ee728b)
Start importing Assets/ADG_Textures/ground_vol1/ground13/ground13_Diffuse.tga using Guid(cce9f7be0e1b10244979707127c0bfc5) Importer(815301076,1909f56bfc062723c751e8b465ee728b)  -> (artifact id: '9a2d3a119350b54703b91685f72e55f6') in 0.033734 seconds 
========================================================================
Received Import Request.
  Time since last request: 0.051227 seconds.
  path: Assets/ADG_Textures/ground_vol1/ground13/ground13_Metallic.tga
  artifactKey: Guid(4d2c3481f7fceba4bb8e65a157391583) Importer(815301076,1909f56bfc062723c751e8b465ee728b)
Start importing Assets/ADG_Textures/ground_vol1/ground13/ground13_Metallic.tga using Guid(4d2c3481f7fceba4bb8e65a157391583) Importer(815301076,1909f56bfc062723c751e8b465ee728b)  -> (artifact id: '0db07725c373ec3b1202719994676a51') in 0.030603 seconds 
========================================================================
Received Import Request.
  Time since last request: 0.207742 seconds.
  path: Assets/ADG_Textures/ground_vol1/ground14/ground14_Ambient_Occlusion.tga
  artifactKey: Guid(573c7bc99dcbc0f4ea88b3ac63b42402) Importer(815301076,1909f56bfc062723c751e8b465ee728b)
Start importing Assets/ADG_Textures/ground_vol1/ground14/ground14_Ambient_Occlusion.tga using Guid(573c7bc99dcbc0f4ea88b3ac63b42402) Importer(815301076,1909f56bfc062723c751e8b465ee728b)  -> (artifact id: 'f37febee837f7f2cd4b21351a786c352') in 0.039209 seconds 
========================================================================
Received Import Request.
  Time since last request: 0.000049 seconds.
  path: Assets/ADG_Textures/ground_vol1/ground14/ground14_Height.tga
  artifactKey: Guid(019c9c14a59c63f40aa359f74a836a1f) Importer(815301076,1909f56bfc062723c751e8b465ee728b)
Start importing Assets/ADG_Textures/ground_vol1/ground14/ground14_Height.tga using Guid(019c9c14a59c63f40aa359f74a836a1f) Importer(815301076,1909f56bfc062723c751e8b465ee728b)  -> (artifact id: '1f4929e0a3aa38041cc415d22dd4242d') in 0.043157 seconds 
========================================================================
Received Import Request.
  Time since last request: 0.052072 seconds.
  path: Assets/ADG_Textures/ground_vol1/ground14/ground14_Normal.tga
  artifactKey: Guid(bb9441ad1e914614c84125c92ac95253) Importer(815301076,1909f56bfc062723c751e8b465ee728b)
Start importing Assets/ADG_Textures/ground_vol1/ground14/ground14_Normal.tga using Guid(bb9441ad1e914614c84125c92ac95253) Importer(815301076,1909f56bfc062723c751e8b465ee728b)  -> (artifact id: '4256d696deff2326b2207c3a29246121') in 0.031801 seconds 
========================================================================
Received Import Request.
  Time since last request: 0.251239 seconds.
  path: Assets/GrassFlowers/Demo/DemoGrassFlowers/ReflectionProbe-0.exr
  artifactKey: Guid(ff26dd0d532f43942b51232390841a6d) Importer(815301076,1909f56bfc062723c751e8b465ee728b)
Start importing Assets/GrassFlowers/Demo/DemoGrassFlowers/ReflectionProbe-0.exr using Guid(ff26dd0d532f43942b51232390841a6d) Importer(815301076,1909f56bfc062723c751e8b465ee728b)  -> (artifact id: 'f438f1bdcfc13f390b076fe500eab709') in 0.121632 seconds 
========================================================================
Received Import Request.
  Time since last request: 8.112015 seconds.
  path: Assets/New Material.mat
  artifactKey: Guid(575b07e6ca452d3488bbc00d9d6d8d12) Importer(815301076,1909f56bfc062723c751e8b465ee728b)
Start importing Assets/New Material.mat using Guid(575b07e6ca452d3488bbc00d9d6d8d12) Importer(815301076,1909f56bfc062723c751e8b465ee728b)  -> (artifact id: '8b4e5499c177691da4cecdaa4b15408b') in 0.121091 seconds 
========================================================================
Received Import Request.
  Time since last request: 6.111249 seconds.
  path: Assets/GrassFlowers
  artifactKey: Guid(e73a3539a7086dd4d898a28eba4ceb75) Importer(815301076,1909f56bfc062723c751e8b465ee728b)
Start importing Assets/GrassFlowers using Guid(e73a3539a7086dd4d898a28eba4ceb75) Importer(815301076,1909f56bfc062723c751e8b465ee728b)  -> (artifact id: '4ceaf04d53c1e590e17adea51f604fbf') in 0.008997 seconds 
========================================================================
Received Import Request.
  Time since last request: 1.511356 seconds.
  path: Assets/GrassFlowers/Textures
  artifactKey: Guid(46c1725cb7280074493bd8d9d2ab7468) Importer(815301076,1909f56bfc062723c751e8b465ee728b)
Start importing Assets/GrassFlowers/Textures using Guid(46c1725cb7280074493bd8d9d2ab7468) Importer(815301076,1909f56bfc062723c751e8b465ee728b)  -> (artifact id: 'e6733954288ac0aba7e0b670a53b3688') in 0.011590 seconds 
========================================================================
Received Import Request.
  Time since last request: 3.228467 seconds.
  path: Assets/GrassFlowers/Demo
  artifactKey: Guid(90a98d1ca0ff3f34b817aee6ee27e766) Importer(815301076,1909f56bfc062723c751e8b465ee728b)
Start importing Assets/GrassFlowers/Demo using Guid(90a98d1ca0ff3f34b817aee6ee27e766) Importer(815301076,1909f56bfc062723c751e8b465ee728b)  -> (artifact id: '578b7c538af08222a93f0cd9aa5e93c8') in 0.010701 seconds 
========================================================================
Received Import Request.
  Time since last request: 6.006206 seconds.
  path: Assets/Materials
  artifactKey: Guid(750d4e3ade78fe14b9d2b979580a37ee) Importer(815301076,1909f56bfc062723c751e8b465ee728b)
Start importing Assets/Materials using Guid(750d4e3ade78fe14b9d2b979580a37ee) Importer(815301076,1909f56bfc062723c751e8b465ee728b)  -> (artifact id: '490e086c8ca44eb92bb4161da68d8ad5') in 0.009274 seconds 
========================================================================
Received Import Request.
  Time since last request: 0.078625 seconds.
  path: Assets/Materials/RT.mat
  artifactKey: Guid(9bc85b63f2128de418227fcb089b4241) Importer(815301076,1909f56bfc062723c751e8b465ee728b)
Start importing Assets/Materials/RT.mat using Guid(9bc85b63f2128de418227fcb089b4241) Importer(815301076,1909f56bfc062723c751e8b465ee728b)  -> (artifact id: '94a058a5250562a1a331d963b25bdbd1') in 0.020380 seconds 
========================================================================
Received Import Request.
  Time since last request: 111.747716 seconds.
  path: Assets/Yughues Free Palm Trees
  artifactKey: Guid(d4dcc3d0b56660b41b4e10291be71417) Importer(815301076,1909f56bfc062723c751e8b465ee728b)
Start importing Assets/Yughues Free Palm Trees using Guid(d4dcc3d0b56660b41b4e10291be71417) Importer(815301076,1909f56bfc062723c751e8b465ee728b)  -> (artifact id: 'cad24c277118dafb2edc27685596dc49') in 0.051026 seconds 
========================================================================
Received Import Request.
  Time since last request: 3.393061 seconds.
  path: Assets/Yughues Free Palm Trees/Materials
  artifactKey: Guid(0ac668fbb95338441bd96f5bc1a4d674) Importer(815301076,1909f56bfc062723c751e8b465ee728b)
Start importing Assets/Yughues Free Palm Trees/Materials using Guid(0ac668fbb95338441bd96f5bc1a4d674) Importer(815301076,1909f56bfc062723c751e8b465ee728b)  -> (artifact id: 'b518390727059945fb1c89218caa6991') in 0.005290 seconds 
========================================================================
Received Import Request.
  Time since last request: 0.146246 seconds.
  path: Assets/Yughues Free Palm Trees/Materials/PalmTrees Leafs Mat.mat
  artifactKey: Guid(2d0b554e7d49b614495903aeed93f746) Importer(815301076,1909f56bfc062723c751e8b465ee728b)
Start importing Assets/Yughues Free Palm Trees/Materials/PalmTrees Leafs Mat.mat using Guid(2d0b554e7d49b614495903aeed93f746) Importer(815301076,1909f56bfc062723c751e8b465ee728b)  -> (artifact id: 'c34ebb71df3b34a29b25b9aa69fb5532') in 0.061345 seconds 
========================================================================
Received Import Request.
  Time since last request: 89.445483 seconds.
  path: Assets/Yughues Free Palm Trees/Prefabs
  artifactKey: Guid(4dcef6fd4b40aad4687d6796f98cc9c6) Importer(815301076,1909f56bfc062723c751e8b465ee728b)
Start importing Assets/Yughues Free Palm Trees/Prefabs using Guid(4dcef6fd4b40aad4687d6796f98cc9c6) Importer(815301076,1909f56bfc062723c751e8b465ee728b)  -> (artifact id: '0372e5afa1ed8cc67be6c26b275e35b4') in 0.008856 seconds 
========================================================================
Received Import Request.
  Time since last request: 0.213586 seconds.
  path: Assets/Yughues Free Palm Trees/Prefabs/PalmTreeSingleStraightOneSided.prefab
  artifactKey: Guid(20ddc844cd25b244f8005cba06955856) Importer(815301076,1909f56bfc062723c751e8b465ee728b)
Start importing Assets/Yughues Free Palm Trees/Prefabs/PalmTreeSingleStraightOneSided.prefab using Guid(20ddc844cd25b244f8005cba06955856) Importer(815301076,1909f56bfc062723c751e8b465ee728b)  -> (artifact id: '2c0f33614682a4294116bd70a6f195a6') in 0.130057 seconds 
========================================================================
Received Import Request.
  Time since last request: 0.000036 seconds.
  path: Assets/Yughues Free Palm Trees/Prefabs/PalmTreeTrioTwoSided.prefab
  artifactKey: Guid(ecc2762d91d3584429565bde5fbede9e) Importer(815301076,1909f56bfc062723c751e8b465ee728b)
Start importing Assets/Yughues Free Palm Trees/Prefabs/PalmTreeTrioTwoSided.prefab using Guid(ecc2762d91d3584429565bde5fbede9e) Importer(815301076,1909f56bfc062723c751e8b465ee728b)  -> (artifact id: '6420dd0127589d1f8a4de3aa058b8c4a') in 0.058560 seconds 
========================================================================
Received Import Request.
  Time since last request: 0.000043 seconds.
  path: Assets/Yughues Free Palm Trees/Prefabs/PalmTreeTrioOneSided.prefab
  artifactKey: Guid(2ed7cc7e3c944414d8f3fabb4d533018) Importer(815301076,1909f56bfc062723c751e8b465ee728b)
Start importing Assets/Yughues Free Palm Trees/Prefabs/PalmTreeTrioOneSided.prefab using Guid(2ed7cc7e3c944414d8f3fabb4d533018) Importer(815301076,1909f56bfc062723c751e8b465ee728b)  -> (artifact id: 'dfc6d8318a2604a6652053dc2ec5ce4a') in 0.056289 seconds 
========================================================================
Received Import Request.
  Time since last request: 42.138617 seconds.
  path: Assets/Yughues Free Palm Trees/Textures
  artifactKey: Guid(9c73d16f3a263704b8371e25a121e282) Importer(815301076,1909f56bfc062723c751e8b465ee728b)
Start importing Assets/Yughues Free Palm Trees/Textures using Guid(9c73d16f3a263704b8371e25a121e282) Importer(815301076,1909f56bfc062723c751e8b465ee728b)  -> (artifact id: '96728458f4cb22ce67d9df703a6c8c81') in 0.004029 seconds 
========================================================================
Received Import Request.
  Time since last request: 3.228442 seconds.
  path: Assets/Yughues Free Palm Trees/Demo
  artifactKey: Guid(7799f6917733cc34087826375ffdf45b) Importer(815301076,1909f56bfc062723c751e8b465ee728b)
Start importing Assets/Yughues Free Palm Trees/Demo using Guid(7799f6917733cc34087826375ffdf45b) Importer(815301076,1909f56bfc062723c751e8b465ee728b)  -> (artifact id: 'af1099bab2da0df5e029bfb4502511c5') in 0.004023 seconds 
========================================================================
Received Import Request.
  Time since last request: 0.131496 seconds.
  path: Assets/Yughues Free Palm Trees/Demo/Ground.mat
  artifactKey: Guid(077c007c467108446912e9807150fbdf) Importer(815301076,1909f56bfc062723c751e8b465ee728b)
Start importing Assets/Yughues Free Palm Trees/Demo/Ground.mat using Guid(077c007c467108446912e9807150fbdf) Importer(815301076,1909f56bfc062723c751e8b465ee728b)  -> (artifact id: 'ea9915513965a18f1c670e5ee939670d') in 0.074009 seconds 
========================================================================
Received Import Request.
  Time since last request: 2.677930 seconds.
  path: Assets/Yughues Free Palm Trees/Meshes
  artifactKey: Guid(258252333c286584baaca0488e6e7bfb) Importer(815301076,1909f56bfc062723c751e8b465ee728b)
Start importing Assets/Yughues Free Palm Trees/Meshes using Guid(258252333c286584baaca0488e6e7bfb) Importer(815301076,1909f56bfc062723c751e8b465ee728b)  -> (artifact id: '9e9dcd1b1a63ab997379643a79e78695') in 0.014368 seconds 
========================================================================
Received Import Request.
  Time since last request: 0.151189 seconds.
  path: Assets/Yughues Free Palm Trees/Meshes/PalmTreeSingleStraight.FBX
  artifactKey: Guid(ef5cd9cdbb80e6849a5f7dd239d56605) Importer(815301076,1909f56bfc062723c751e8b465ee728b)
Start importing Assets/Yughues Free Palm Trees/Meshes/PalmTreeSingleStraight.FBX using Guid(ef5cd9cdbb80e6849a5f7dd239d56605) Importer(815301076,1909f56bfc062723c751e8b465ee728b)  -> (artifact id: '32476a079d91f7cb08d21e3b78ab2cf0') in 0.148496 seconds 
========================================================================
Received Import Request.
  Time since last request: 1620.968307 seconds.
  path: Assets/New Terrain.asset
  artifactKey: Guid(323a3c0853e0a56419607f5d18c99a8b) Importer(815301076,1909f56bfc062723c751e8b465ee728b)
Start importing Assets/New Terrain.asset using Guid(323a3c0853e0a56419607f5d18c99a8b) Importer(815301076,1909f56bfc062723c751e8b465ee728b)  -> (artifact id: '1a84f31b624110289c6377d7139be048') in 0.034359 seconds 
========================================================================
Received Import Request.
  Time since last request: 25.249529 seconds.
  path: Assets/Traffic Essentials Asset Pack
  artifactKey: Guid(af55f49e12a60b1469e3eb8c8ac3dda6) Importer(815301076,1909f56bfc062723c751e8b465ee728b)
Start importing Assets/Traffic Essentials Asset Pack using Guid(af55f49e12a60b1469e3eb8c8ac3dda6) Importer(815301076,1909f56bfc062723c751e8b465ee728b)  -> (artifact id: '5f5c78ecd5c58c7df538a1fbc97ba2ec') in 0.010721 seconds 
========================================================================
Received Import Request.
  Time since last request: 3.281814 seconds.
  path: Assets/Traffic Essentials Asset Pack/NEWPrefabs
  artifactKey: Guid(f62d412799654784988f6af7d6c2997d) Importer(815301076,1909f56bfc062723c751e8b465ee728b)
Start importing Assets/Traffic Essentials Asset Pack/NEWPrefabs using Guid(f62d412799654784988f6af7d6c2997d) Importer(815301076,1909f56bfc062723c751e8b465ee728b)  -> (artifact id: '34f66d8b9b1165b93857d229832dbae2') in 0.009915 seconds 
========================================================================
Received Import Request.
  Time since last request: 0.041223 seconds.
  path: Assets/Traffic Essentials Asset Pack/NEWPrefabs/CurvedGuardRail1.prefab
  artifactKey: Guid(07c354f3a9eccb748937a0324e7b34c0) Importer(815301076,1909f56bfc062723c751e8b465ee728b)
Start importing Assets/Traffic Essentials Asset Pack/NEWPrefabs/CurvedGuardRail1.prefab using Guid(07c354f3a9eccb748937a0324e7b34c0) Importer(815301076,1909f56bfc062723c751e8b465ee728b)  -> (artifact id: '48300c4ea139759105f931ef1046a8f1') in 0.386789 seconds 
========================================================================
Received Import Request.
  Time since last request: 0.000051 seconds.
  path: Assets/Traffic Essentials Asset Pack/NEWPrefabs/DetourAheadSign.prefab
  artifactKey: Guid(1678eee6b46391747a54fd607e89c066) Importer(815301076,1909f56bfc062723c751e8b465ee728b)
Start importing Assets/Traffic Essentials Asset Pack/NEWPrefabs/DetourAheadSign.prefab using Guid(1678eee6b46391747a54fd607e89c066) Importer(815301076,1909f56bfc062723c751e8b465ee728b)  -> (artifact id: '16904dd4395b307d7e50bcd594985905') in 0.061130 seconds 
========================================================================
Received Import Request.
  Time since last request: 0.000064 seconds.
  path: Assets/Traffic Essentials Asset Pack/NEWPrefabs/YieldSign.prefab
  artifactKey: Guid(d9e6be94d16010a4ea07e0e42e67bc51) Importer(815301076,1909f56bfc062723c751e8b465ee728b)
Start importing Assets/Traffic Essentials Asset Pack/NEWPrefabs/YieldSign.prefab using Guid(d9e6be94d16010a4ea07e0e42e67bc51) Importer(815301076,1909f56bfc062723c751e8b465ee728b)  -> (artifact id: 'ea113ca35d4208aa4084686e722297c6') in 0.050303 seconds 
========================================================================
Received Import Request.
  Time since last request: 0.000046 seconds.
  path: Assets/Traffic Essentials Asset Pack/NEWPrefabs/TLASign.prefab
  artifactKey: Guid(0e3199d8f7b1f5646bb22ed47774d9a4) Importer(815301076,1909f56bfc062723c751e8b465ee728b)
Start importing Assets/Traffic Essentials Asset Pack/NEWPrefabs/TLASign.prefab using Guid(0e3199d8f7b1f5646bb22ed47774d9a4) Importer(815301076,1909f56bfc062723c751e8b465ee728b)  -> (artifact id: '252249edeeea152ecc74916572231cc8') in 0.063333 seconds 
========================================================================
Received Import Request.
  Time since last request: 0.000040 seconds.
  path: Assets/Traffic Essentials Asset Pack/NEWPrefabs/WrongWaySign.prefab
  artifactKey: Guid(ff4b81d36487b4045949a84f4fe76680) Importer(815301076,1909f56bfc062723c751e8b465ee728b)
Start importing Assets/Traffic Essentials Asset Pack/NEWPrefabs/WrongWaySign.prefab using Guid(ff4b81d36487b4045949a84f4fe76680) Importer(815301076,1909f56bfc062723c751e8b465ee728b)  -> (artifact id: '49a7bc998398452478e8f914202276ed') in 0.036369 seconds 
========================================================================
Received Import Request.
  Time since last request: 0.000069 seconds.
  path: Assets/Traffic Essentials Asset Pack/NEWPrefabs/RightTurnSign.prefab
  artifactKey: Guid(60e943cda54b1544c8f4484d629cf63e) Importer(815301076,1909f56bfc062723c751e8b465ee728b)
Start importing Assets/Traffic Essentials Asset Pack/NEWPrefabs/RightTurnSign.prefab using Guid(60e943cda54b1544c8f4484d629cf63e) Importer(815301076,1909f56bfc062723c751e8b465ee728b)  -> (artifact id: '8df739b5dc9ac98ff6446869891b905b') in 0.040804 seconds 
========================================================================
Received Import Request.
  Time since last request: 0.000047 seconds.
  path: Assets/Traffic Essentials Asset Pack/NEWPrefabs/DetourSign 1.prefab
  artifactKey: Guid(aea1cd41ef2b49847b403245fc895761) Importer(815301076,1909f56bfc062723c751e8b465ee728b)
Start importing Assets/Traffic Essentials Asset Pack/NEWPrefabs/DetourSign 1.prefab using Guid(aea1cd41ef2b49847b403245fc895761) Importer(815301076,1909f56bfc062723c751e8b465ee728b)  -> (artifact id: 'b701b9d32c233235a2137b25836a9caa') in 0.040102 seconds 
========================================================================
Received Import Request.
  Time since last request: 0.000056 seconds.
  path: Assets/Traffic Essentials Asset Pack/NEWPrefabs/SpeedLimit100Sign.prefab
  artifactKey: Guid(b8548e6709532f94792760c6f823cb9f) Importer(815301076,1909f56bfc062723c751e8b465ee728b)
Start importing Assets/Traffic Essentials Asset Pack/NEWPrefabs/SpeedLimit100Sign.prefab using Guid(b8548e6709532f94792760c6f823cb9f) Importer(815301076,1909f56bfc062723c751e8b465ee728b)  -> (artifact id: '54d5f22be310e23adf9b0a6d32973dfc') in 0.031106 seconds 
========================================================================
Received Import Request.
  Time since last request: 0.000035 seconds.
  path: Assets/Traffic Essentials Asset Pack/NEWPrefabs/IntersectionPole.prefab
  artifactKey: Guid(5089ee9d9a6d75c4d82b5a179f6aa3db) Importer(815301076,1909f56bfc062723c751e8b465ee728b)
Start importing Assets/Traffic Essentials Asset Pack/NEWPrefabs/IntersectionPole.prefab using Guid(5089ee9d9a6d75c4d82b5a179f6aa3db) Importer(815301076,1909f56bfc062723c751e8b465ee728b)  -> (artifact id: '8b6ed800c2cf584474e34495e04663ce') in 0.119469 seconds 
========================================================================
Received Import Request.
  Time since last request: 0.000063 seconds.
  path: Assets/Traffic Essentials Asset Pack/NEWPrefabs/RegPylon.prefab
  artifactKey: Guid(6f912cbcddee78f4a8e3bcd3ce4e820f) Importer(815301076,1909f56bfc062723c751e8b465ee728b)
Start importing Assets/Traffic Essentials Asset Pack/NEWPrefabs/RegPylon.prefab using Guid(6f912cbcddee78f4a8e3bcd3ce4e820f) Importer(815301076,1909f56bfc062723c751e8b465ee728b)  -> (artifact id: 'a3a13737d39fb86e10e61f4878e952f3') in 0.054075 seconds 
========================================================================
Received Import Request.
  Time since last request: 0.000051 seconds.
  path: Assets/Traffic Essentials Asset Pack/NEWPrefabs/SlipperyRoadSign.prefab
  artifactKey: Guid(e2300e70b15dbb343a0d963e39e3fca2) Importer(815301076,1909f56bfc062723c751e8b465ee728b)
Start importing Assets/Traffic Essentials Asset Pack/NEWPrefabs/SlipperyRoadSign.prefab using Guid(e2300e70b15dbb343a0d963e39e3fca2) Importer(815301076,1909f56bfc062723c751e8b465ee728b)  -> (artifact id: 'de03d7b8eb0235909fd2a55ce5f712ab') in 0.044818 seconds 
========================================================================
Received Import Request.
  Time since last request: 0.000080 seconds.
  path: Assets/Traffic Essentials Asset Pack/NEWPrefabs/TwoLaneSign.prefab
  artifactKey: Guid(22d4199a70be9ab46ae4b26791f886ac) Importer(815301076,1909f56bfc062723c751e8b465ee728b)
Start importing Assets/Traffic Essentials Asset Pack/NEWPrefabs/TwoLaneSign.prefab using Guid(22d4199a70be9ab46ae4b26791f886ac) Importer(815301076,1909f56bfc062723c751e8b465ee728b)  -> (artifact id: '2839b0a7f673ce63a6eb6059fbbd7976') in 0.042889 seconds 
========================================================================
Received Import Request.
  Time since last request: 0.000057 seconds.
  path: Assets/Traffic Essentials Asset Pack/NEWPrefabs/SpeedLimit25Sign.prefab
  artifactKey: Guid(ab7c8606ead429347af7e39cfde3def9) Importer(815301076,1909f56bfc062723c751e8b465ee728b)
Start importing Assets/Traffic Essentials Asset Pack/NEWPrefabs/SpeedLimit25Sign.prefab using Guid(ab7c8606ead429347af7e39cfde3def9) Importer(815301076,1909f56bfc062723c751e8b465ee728b)  -> (artifact id: 'f350a1f4aab832c13f287e349f424184') in 0.036021 seconds 
========================================================================
Received Import Request.
  Time since last request: 0.000041 seconds.
  path: Assets/Traffic Essentials Asset Pack/NEWPrefabs/Traffic Light2.prefab
  artifactKey: Guid(db10cdf4b7c4a134db46097674a38008) Importer(815301076,1909f56bfc062723c751e8b465ee728b)
Start importing Assets/Traffic Essentials Asset Pack/NEWPrefabs/Traffic Light2.prefab using Guid(db10cdf4b7c4a134db46097674a38008) Importer(815301076,1909f56bfc062723c751e8b465ee728b)  -> (artifact id: 'd50cc7b865a10ba55e647120ab301a70') in 0.412358 seconds 
========================================================================
Received Import Request.
  Time since last request: 0.000054 seconds.
  path: Assets/Traffic Essentials Asset Pack/NEWPrefabs/LeftTurnSign.prefab
  artifactKey: Guid(8c5e168958e55d44bab492fbecebdfa7) Importer(815301076,1909f56bfc062723c751e8b465ee728b)
Start importing Assets/Traffic Essentials Asset Pack/NEWPrefabs/LeftTurnSign.prefab using Guid(8c5e168958e55d44bab492fbecebdfa7) Importer(815301076,1909f56bfc062723c751e8b465ee728b)  -> (artifact id: '998205a2c016d4a4fda4ba4917096d87') in 0.058732 seconds 
========================================================================
Received Import Request.
  Time since last request: 0.000057 seconds.
  path: Assets/Traffic Essentials Asset Pack/NEWPrefabs/ManholeCover.prefab
  artifactKey: Guid(68b2ca32dc0cdaa4d941a1df55fae058) Importer(815301076,1909f56bfc062723c751e8b465ee728b)
Start importing Assets/Traffic Essentials Asset Pack/NEWPrefabs/ManholeCover.prefab using Guid(68b2ca32dc0cdaa4d941a1df55fae058) Importer(815301076,1909f56bfc062723c751e8b465ee728b)  -> (artifact id: 'c5ea5cc3ce5f6929d0cc4ea2041a0f45') in 0.046851 seconds 
========================================================================
Received Import Request.
  Time since last request: 0.000056 seconds.
  path: Assets/Traffic Essentials Asset Pack/NEWPrefabs/StopSign.prefab
  artifactKey: Guid(d379f475803bbd34d91987f2a12a4ff5) Importer(815301076,1909f56bfc062723c751e8b465ee728b)
Start importing Assets/Traffic Essentials Asset Pack/NEWPrefabs/StopSign.prefab using Guid(d379f475803bbd34d91987f2a12a4ff5) Importer(815301076,1909f56bfc062723c751e8b465ee728b)  -> (artifact id: '6f87553f91341b5d1fc3fb86c11c2b91') in 0.039959 seconds 
Editor requested this worker to shutdown with reason: Scaling down because of idle timeout
AssetImportWorker is now disconnected from the server
Process exiting
Exiting without the bug reporter. Application will terminate with return code 0