Using pre-set license
Built from '2021.2/staging' branch; Version is '2021.2.3f1 (32358a8527b4) revision 3290506'; Using compiler version '192829333'; Build Type 'Release'
OS: 'Windows 10 Home Single Language; OS build 19043.1348; Version 2009; 64bit' Language: 'en' Physical Memory: 7599 MB
BatchMode: 1, IsHumanControllingUs: 0, StartBugReporterOnCrash: 0, Is64bit: 1, IsPro: 0

COMMAND LINE ARGUMENTS:
C:\Program Files\Unity\Hub\Editor\2021.2.3f1\Editor\Unity.exe
-adb2
-batchMode
-noUpm
-name
AssetImportWorker1
-projectPath
C:/Users/asus/OneDrive/Desktop/Projects/Unity projects/GamePhysicsPrj
-logFile
Logs/AssetImportWorker1.log
-srvPort
53718
Successfully changed project path to: C:/Users/asus/OneDrive/Desktop/Projects/Unity projects/GamePhysicsPrj
C:/Users/asus/OneDrive/Desktop/Projects/Unity projects/GamePhysicsPrj
[UnityMemory] Configuration Parameters - Can be set up in boot.config
    "memorysetup-bucket-allocator-granularity=16"
    "memorysetup-bucket-allocator-bucket-count=8"
    "memorysetup-bucket-allocator-block-size=33554432"
    "memorysetup-bucket-allocator-block-count=8"
    "memorysetup-main-allocator-block-size=16777216"
    "memorysetup-thread-allocator-block-size=16777216"
    "memorysetup-gfx-main-allocator-block-size=16777216"
    "memorysetup-gfx-thread-allocator-block-size=16777216"
    "memorysetup-cache-allocator-block-size=4194304"
    "memorysetup-typetree-allocator-block-size=2097152"
    "memorysetup-profiler-bucket-allocator-granularity=16"
    "memorysetup-profiler-bucket-allocator-bucket-count=8"
    "memorysetup-profiler-bucket-allocator-block-size=33554432"
    "memorysetup-profiler-bucket-allocator-block-count=8"
    "memorysetup-profiler-allocator-block-size=16777216"
    "memorysetup-profiler-editor-allocator-block-size=1048576"
    "memorysetup-temp-allocator-size-main=16777216"
    "memorysetup-job-temp-allocator-block-size=2097152"
    "memorysetup-job-temp-allocator-block-size-background=1048576"
    "memorysetup-job-temp-allocator-reduction-small-platforms=262144"
    "memorysetup-temp-allocator-size-background-worker=32768"
    "memorysetup-temp-allocator-size-job-worker=262144"
    "memorysetup-temp-allocator-size-preload-manager=33554432"
    "memorysetup-temp-allocator-size-nav-mesh-worker=65536"
    "memorysetup-temp-allocator-size-audio-worker=65536"
    "memorysetup-temp-allocator-size-cloud-worker=32768"
    "memorysetup-temp-allocator-size-gi-baking-worker=262144"
    "memorysetup-temp-allocator-size-gfx=262144"
Refreshing native plugins compatible for Editor in 92.22 ms, found 3 plugins.
Preloading 0 native plugins for Editor in 0.00 ms.
Initialize engine version: 2021.2.3f1 (32358a8527b4)
[Subsystems] Discovering subsystems at path C:/Program Files/Unity/Hub/Editor/2021.2.3f1/Editor/Data/Resources/UnitySubsystems
[Subsystems] Discovering subsystems at path C:/Users/asus/OneDrive/Desktop/Projects/Unity projects/GamePhysicsPrj/Assets
GfxDevice: creating device client; threaded=0; jobified=0
Direct3D:
    Version:  Direct3D 11.0 [level 11.1]
    Renderer: NVIDIA GeForce GTX 1650 (ID=0x1f99)
    Vendor:   NVIDIA
    VRAM:     3962 MB
    Driver:   30.0.14.9676
Initialize mono
Mono path[0] = 'C:/Program Files/Unity/Hub/Editor/2021.2.3f1/Editor/Data/Managed'
Mono path[1] = 'C:/Program Files/Unity/Hub/Editor/2021.2.3f1/Editor/Data/MonoBleedingEdge/lib/mono/unityjit-win32'
Mono config path = 'C:/Program Files/Unity/Hub/Editor/2021.2.3f1/Editor/Data/MonoBleedingEdge/etc'
Using monoOptions --debugger-agent=transport=dt_socket,embedding=1,server=y,suspend=n,address=127.0.0.1:56760
Begin MonoManager ReloadAssembly
Registering precompiled unity dll's ...
Register platform support module: C:/Program Files/Unity/Hub/Editor/2021.2.3f1/Editor/Data/PlaybackEngines/WindowsStandaloneSupport/UnityEditor.WindowsStandalone.Extensions.dll
Registered in 0.010920 seconds.
Native extension for WindowsStandalone target not found
Refreshing native plugins compatible for Editor in 87.00 ms, found 3 plugins.
Preloading 0 native plugins for Editor in 0.00 ms.
Mono: successfully reloaded assembly
- Completed reload, in  0.710 seconds
Domain Reload Profiling:
	ReloadAssembly (711ms)
		BeginReloadAssembly (96ms)
			ExecutionOrderSort (0ms)
			DisableScriptedObjects (0ms)
			BackupInstance (0ms)
			ReleaseScriptingObjects (0ms)
			CreateAndSetChildDomain (1ms)
		EndReloadAssembly (519ms)
			LoadAssemblies (93ms)
			RebuildTransferFunctionScriptingTraits (0ms)
			SetupTypeCache (117ms)
			ReleaseScriptCaches (0ms)
			RebuildScriptCaches (29ms)
			SetupLoadedEditorAssemblies (314ms)
				LogAssemblyErrors (0ms)
				InitializePlatformSupportModulesInManaged (16ms)
				SetLoadedEditorAssemblies (0ms)
				RefreshPlugins (87ms)
				BeforeProcessingInitializeOnLoad (1ms)
				ProcessInitializeOnLoadAttributes (141ms)
				ProcessInitializeOnLoadMethodAttributes (67ms)
				AfterProcessingInitializeOnLoad (0ms)
				EditorAssembliesLoaded (0ms)
			ExecutionOrderSort2 (0ms)
			AwakeInstancesAfterBackupRestoration (0ms)
Platform modules already initialized, skipping
Registering precompiled user dll's ...
Registered in 0.013214 seconds.
Begin MonoManager ReloadAssembly
Symbol file LoadedFromMemory doesn't match image C:\Users\asus\OneDrive\Desktop\Projects\Unity projects\GamePhysicsPrj\Library\PackageCache\com.unity.visualscripting@1.7.5\Editor\VisualScripting.Core\Dependencies\YamlDotNet\Unity.VisualScripting.YamlDotNet.dll
Symbol file LoadedFromMemory doesn't match image C:\Users\asus\OneDrive\Desktop\Projects\Unity projects\GamePhysicsPrj\Library\PackageCache\com.unity.visualscripting@1.7.5\Editor\VisualScripting.Core\Dependencies\DotNetZip\Unity.VisualScripting.IonicZip.dll
Native extension for WindowsStandalone target not found
Refreshing native plugins compatible for Editor in 0.65 ms, found 3 plugins.
Preloading 0 native plugins for Editor in 0.00 ms.
Mono: successfully reloaded assembly
- Completed reload, in  1.269 seconds
Domain Reload Profiling:
	ReloadAssembly (1270ms)
		BeginReloadAssembly (193ms)
			ExecutionOrderSort (0ms)
			DisableScriptedObjects (7ms)
			BackupInstance (0ms)
			ReleaseScriptingObjects (0ms)
			CreateAndSetChildDomain (23ms)
		EndReloadAssembly (956ms)
			LoadAssemblies (99ms)
			RebuildTransferFunctionScriptingTraits (0ms)
			SetupTypeCache (284ms)
			ReleaseScriptCaches (1ms)
			RebuildScriptCaches (52ms)
			SetupLoadedEditorAssemblies (424ms)
				LogAssemblyErrors (0ms)
				InitializePlatformSupportModulesInManaged (13ms)
				SetLoadedEditorAssemblies (0ms)
				RefreshPlugins (1ms)
				BeforeProcessingInitializeOnLoad (98ms)
				ProcessInitializeOnLoadAttributes (276ms)
				ProcessInitializeOnLoadMethodAttributes (24ms)
				AfterProcessingInitializeOnLoad (11ms)
				EditorAssembliesLoaded (0ms)
			ExecutionOrderSort2 (0ms)
			AwakeInstancesAfterBackupRestoration (6ms)
Platform modules already initialized, skipping
========================================================================
Worker process is ready to serve import requests
Launched and connected shader compiler UnityShaderCompiler.exe after 0.06 seconds
Refreshing native plugins compatible for Editor in 0.77 ms, found 3 plugins.
Preloading 0 native plugins for Editor in 0.00 ms.
Unloading 3210 Unused Serialized files (Serialized files now loaded: 0)
Unloading 26 unused Assets / (112.2 KB). Loaded Objects now: 3691.
Memory consumption went from 135.1 MB to 135.0 MB.
Total: 3.647200 ms (FindLiveObjects: 0.511400 ms CreateObjectMapping: 0.257900 ms MarkObjects: 2.729900 ms  DeleteObjects: 0.146400 ms)

AssetImportParameters requested are different than current active one (requested -> active):
  custom:video-decoder-ogg-theora: a1e56fd34408186e4bbccfd4996cb3dc -> 
  custom:container-muxer-webm: aa71ff27fc2769a1b78a27578f13a17b -> 
  custom:container-demuxer-webm: 4f35f7cbe854078d1ac9338744f61a02 -> 
  custom:video-encoder-webm-vp8: eb34c28f22e8b96e1ab97ce403110664 -> 
  custom:video-codec-MediaFoundation-h265: 746d11721c4dcdbdad8f713fa42b33f4 -> 
  custom:audio-encoder-webm-vorbis: bf7c407c2cedff20999df2af8eb42d56 -> 
  custom:framework-win-MediaFoundation: 216162199b28c13a410421893ffa2e32 -> 
  custom:container-demuxer-ogg: 62fdf1f143b41e24485cea50d1cbac27 -> 
  custom:video-decoder-webm-vp8: 9c59270c3fd7afecdb556c50c9e8de78 -> 
  custom:audio-decoder-ogg-vorbis: bf7c407c2cedff20999df2af8eb42d56 -> 
========================================================================
Received Import Request.
  Time since last request: 18621.900621 seconds.
  path: Assets/QC.Ambulance/Textures/ambu_lights_glass.bmp
  artifactKey: Guid(737b72c5dbbf8c14e8cfa11c90f35bdc) Importer(815301076,1909f56bfc062723c751e8b465ee728b)
Start importing Assets/QC.Ambulance/Textures/ambu_lights_glass.bmp using Guid(737b72c5dbbf8c14e8cfa11c90f35bdc) Importer(815301076,1909f56bfc062723c751e8b465ee728b)  -> (artifact id: 'f039d5cf873ff86e86b7ed3f54b5cb2d') in 0.521733 seconds 
========================================================================
Received Import Request.
  Time since last request: 0.000092 seconds.
  path: Assets/QC.Ambulance/Textures/code3rx2700.bmp
  artifactKey: Guid(77985ba112a8ff1438f76f07bfa69a8a) Importer(815301076,1909f56bfc062723c751e8b465ee728b)
Start importing Assets/QC.Ambulance/Textures/code3rx2700.bmp using Guid(77985ba112a8ff1438f76f07bfa69a8a) Importer(815301076,1909f56bfc062723c751e8b465ee728b)  -> (artifact id: 'f256d53487424fd0e8ee9aedb696d091') in 0.027094 seconds 
========================================================================
Received Import Request.
  Time since last request: 0.000088 seconds.
  path: Assets/QC.Ambulance/Textures/dakin.bmp
  artifactKey: Guid(d64a61d885eb90a4e8873e40aff0b588) Importer(815301076,1909f56bfc062723c751e8b465ee728b)
Start importing Assets/QC.Ambulance/Textures/dakin.bmp using Guid(d64a61d885eb90a4e8873e40aff0b588) Importer(815301076,1909f56bfc062723c751e8b465ee728b)  -> (artifact id: '361093738438179a1fa83a6c347c036d') in 0.037515 seconds 
========================================================================
Received Import Request.
  Time since last request: 0.000037 seconds.
  path: Assets/QC.Ambulance/Textures/bleu marine.bmp
  artifactKey: Guid(d097e09f1d719164da48880ad4071f4f) Importer(815301076,1909f56bfc062723c751e8b465ee728b)
Start importing Assets/QC.Ambulance/Textures/bleu marine.bmp using Guid(d097e09f1d719164da48880ad4071f4f) Importer(815301076,1909f56bfc062723c751e8b465ee728b)  -> (artifact id: 'b274f0167c1c822f55a13724c17bf8f6') in 0.031676 seconds 
========================================================================
Received Import Request.
  Time since last request: 0.000029 seconds.
  path: Assets/QC.Ambulance/Textures/leather1.bmp
  artifactKey: Guid(09bac15f1dad60c48b9a428c56671271) Importer(815301076,1909f56bfc062723c751e8b465ee728b)
Start importing Assets/QC.Ambulance/Textures/leather1.bmp using Guid(09bac15f1dad60c48b9a428c56671271) Importer(815301076,1909f56bfc062723c751e8b465ee728b)  -> (artifact id: '52318208bb9b9e4ee6c664dd778e8905') in 0.024415 seconds 
========================================================================
Received Import Request.
  Time since last request: 0.000049 seconds.
  path: Assets/QC.Ambulance/Textures/grilla.bmp
  artifactKey: Guid(af3fe0246f56d4e439fc5fd9b0b4b54c) Importer(815301076,1909f56bfc062723c751e8b465ee728b)
Start importing Assets/QC.Ambulance/Textures/grilla.bmp using Guid(af3fe0246f56d4e439fc5fd9b0b4b54c) Importer(815301076,1909f56bfc062723c751e8b465ee728b)  -> (artifact id: '18e8ef87d41ab1d1b1094617e020b7e6') in 0.025776 seconds 
========================================================================
Received Import Request.
  Time since last request: 0.000038 seconds.
  path: Assets/QC.Ambulance/Textures/decal.bmp
  artifactKey: Guid(99940f4d0a25bc84a8139ad8503e277e) Importer(815301076,1909f56bfc062723c751e8b465ee728b)
Start importing Assets/QC.Ambulance/Textures/decal.bmp using Guid(99940f4d0a25bc84a8139ad8503e277e) Importer(815301076,1909f56bfc062723c751e8b465ee728b)  -> (artifact id: 'e02a63ee69edf6aa6280fe41a7bfd348') in 0.024258 seconds 
========================================================================
Received Import Request.
  Time since last request: 0.000043 seconds.
  path: Assets/QC.Ambulance/Textures/ss2000.bmp
  artifactKey: Guid(3a0a5dbfe56131d4c96a1c2019390922) Importer(815301076,1909f56bfc062723c751e8b465ee728b)
Start importing Assets/QC.Ambulance/Textures/ss2000.bmp using Guid(3a0a5dbfe56131d4c96a1c2019390922) Importer(815301076,1909f56bfc062723c751e8b465ee728b)  -> (artifact id: 'f5770454ba0be0f346b75640dedfd57f') in 0.024752 seconds 
========================================================================
Received Import Request.
  Time since last request: 0.000058 seconds.
  path: Assets/QC.Ambulance/Textures/emerglights.bmp
  artifactKey: Guid(08c30a43fae7c244a8c6ea5f5e999ae7) Importer(815301076,1909f56bfc062723c751e8b465ee728b)
Start importing Assets/QC.Ambulance/Textures/emerglights.bmp using Guid(08c30a43fae7c244a8c6ea5f5e999ae7) Importer(815301076,1909f56bfc062723c751e8b465ee728b)  -> (artifact id: 'f70fac981eb1b6ef02b1185c7fe8d9f4') in 0.027025 seconds 
========================================================================
Received Import Request.
  Time since last request: 0.000063 seconds.
  path: Assets/QC.Ambulance/Textures/exterior.bmp
  artifactKey: Guid(ee4746a0bc9a04a499a4a4d56e251e3f) Importer(815301076,1909f56bfc062723c751e8b465ee728b)
Start importing Assets/QC.Ambulance/Textures/exterior.bmp using Guid(ee4746a0bc9a04a499a4a4d56e251e3f) Importer(815301076,1909f56bfc062723c751e8b465ee728b)  -> (artifact id: 'b6043b0c6950e1948dd79b7bfd4ec6ac') in 0.034080 seconds 
========================================================================
Received Import Request.
  Time since last request: 0.000064 seconds.
  path: Assets/QC.Ambulance/Textures/carpet.bmp
  artifactKey: Guid(9e54eb2b9fca34440b602056911b583a) Importer(815301076,1909f56bfc062723c751e8b465ee728b)
Start importing Assets/QC.Ambulance/Textures/carpet.bmp using Guid(9e54eb2b9fca34440b602056911b583a) Importer(815301076,1909f56bfc062723c751e8b465ee728b)  -> (artifact id: 'b57b30678e80d449bacb37bfc0834af2') in 0.036025 seconds 
========================================================================
Received Import Request.
  Time since last request: 0.000051 seconds.
  path: Assets/QC.Ambulance/Textures/sacmed02c.bmp
  artifactKey: Guid(fceb76021ee30134a845d59b720dd2f4) Importer(815301076,1909f56bfc062723c751e8b465ee728b)
Start importing Assets/QC.Ambulance/Textures/sacmed02c.bmp using Guid(fceb76021ee30134a845d59b720dd2f4) Importer(815301076,1909f56bfc062723c751e8b465ee728b)  -> (artifact id: 'a98752709d883f2aecd11ae73c5978e4') in 0.040776 seconds 
========================================================================
Received Import Request.
  Time since last request: 0.000058 seconds.
  path: Assets/QC.Ambulance/Textures/ambulan92interior128.bmp
  artifactKey: Guid(0cd6fc6118309674ea8b8a1300c4ecf5) Importer(815301076,1909f56bfc062723c751e8b465ee728b)
Start importing Assets/QC.Ambulance/Textures/ambulan92interior128.bmp using Guid(0cd6fc6118309674ea8b8a1300c4ecf5) Importer(815301076,1909f56bfc062723c751e8b465ee728b)  -> (artifact id: '6639df03b7dcb328e7f73494813c61a2') in 0.057493 seconds 
========================================================================
Received Import Request.
  Time since last request: 0.000048 seconds.
  path: Assets/QC.Ambulance/Textures/sacmed02a.bmp
  artifactKey: Guid(5228db4e2720dfa459ba771debd26e02) Importer(815301076,1909f56bfc062723c751e8b465ee728b)
Start importing Assets/QC.Ambulance/Textures/sacmed02a.bmp using Guid(5228db4e2720dfa459ba771debd26e02) Importer(815301076,1909f56bfc062723c751e8b465ee728b)  -> (artifact id: 'eb7057451e47c576bb1587e7fb1df451') in 0.030849 seconds 
========================================================================
Received Import Request.
  Time since last request: 2.734450 seconds.
  path: Assets/QC.Ambulance/Materials/ambu_lights_glass.mat
  artifactKey: Guid(6fcbbff73f323574aba9300ad2c3d21c) Importer(815301076,1909f56bfc062723c751e8b465ee728b)
Start importing Assets/QC.Ambulance/Materials/ambu_lights_glass.mat using Guid(6fcbbff73f323574aba9300ad2c3d21c) Importer(815301076,1909f56bfc062723c751e8b465ee728b)  -> (artifact id: '68249f1f05a911f984ed7a47fbddc154') in 0.084333 seconds 
========================================================================
Received Import Request.
  Time since last request: 0.000024 seconds.
  path: Assets/QC.Ambulance/Materials/emerglights.mat
  artifactKey: Guid(73fa0c48fcd1eeb4994dc322505c1e2d) Importer(815301076,1909f56bfc062723c751e8b465ee728b)
Start importing Assets/QC.Ambulance/Materials/emerglights.mat using Guid(73fa0c48fcd1eeb4994dc322505c1e2d) Importer(815301076,1909f56bfc062723c751e8b465ee728b)  -> (artifact id: 'e9e22636b7007c4e418f3523a642669e') in 0.024478 seconds 
========================================================================
Received Import Request.
  Time since last request: 0.000031 seconds.
  path: Assets/QC.Ambulance/Materials/sacmed02a.mat
  artifactKey: Guid(428a0a4d1f9b5b14483583a0ebbedafa) Importer(815301076,1909f56bfc062723c751e8b465ee728b)
Start importing Assets/QC.Ambulance/Materials/sacmed02a.mat using Guid(428a0a4d1f9b5b14483583a0ebbedafa) Importer(815301076,1909f56bfc062723c751e8b465ee728b)  -> (artifact id: 'ccd9eeb2f212bd67dbb3515323083344') in 0.021349 seconds 
