Using pre-set license
Built from '2021.2/staging' branch; Version is '2021.2.3f1 (32358a8527b4) revision 3290506'; Using compiler version '192829333'; Build Type 'Release'
OS: 'Windows 10 Home Single Language; OS build 19043.1348; Version 2009; 64bit' Language: 'en' Physical Memory: 7599 MB
BatchMode: 1, IsHumanControllingUs: 0, StartBugReporterOnCrash: 0, Is64bit: 1, IsPro: 0

COMMAND LINE ARGUMENTS:
C:\Program Files\Unity\Hub\Editor\2021.2.3f1\Editor\Unity.exe
-adb2
-batchMode
-noUpm
-name
AssetImportWorker1
-projectPath
C:/Users/asus/OneDrive/Desktop/Projects/Unity projects/GamePhysicsPrj
-logFile
Logs/AssetImportWorker1.log
-srvPort
49933
Successfully changed project path to: C:/Users/asus/OneDrive/Desktop/Projects/Unity projects/GamePhysicsPrj
C:/Users/asus/OneDrive/Desktop/Projects/Unity projects/GamePhysicsPrj
[UnityMemory] Configuration Parameters - Can be set up in boot.config
    "memorysetup-bucket-allocator-granularity=16"
    "memorysetup-bucket-allocator-bucket-count=8"
    "memorysetup-bucket-allocator-block-size=33554432"
    "memorysetup-bucket-allocator-block-count=8"
    "memorysetup-main-allocator-block-size=16777216"
    "memorysetup-thread-allocator-block-size=16777216"
    "memorysetup-gfx-main-allocator-block-size=16777216"
    "memorysetup-gfx-thread-allocator-block-size=16777216"
    "memorysetup-cache-allocator-block-size=4194304"
    "memorysetup-typetree-allocator-block-size=2097152"
    "memorysetup-profiler-bucket-allocator-granularity=16"
    "memorysetup-profiler-bucket-allocator-bucket-count=8"
    "memorysetup-profiler-bucket-allocator-block-size=33554432"
    "memorysetup-profiler-bucket-allocator-block-count=8"
    "memorysetup-profiler-allocator-block-size=16777216"
    "memorysetup-profiler-editor-allocator-block-size=1048576"
    "memorysetup-temp-allocator-size-main=16777216"
    "memorysetup-job-temp-allocator-block-size=2097152"
    "memorysetup-job-temp-allocator-block-size-background=1048576"
    "memorysetup-job-temp-allocator-reduction-small-platforms=262144"
    "memorysetup-temp-allocator-size-background-worker=32768"
    "memorysetup-temp-allocator-size-job-worker=262144"
    "memorysetup-temp-allocator-size-preload-manager=33554432"
    "memorysetup-temp-allocator-size-nav-mesh-worker=65536"
    "memorysetup-temp-allocator-size-audio-worker=65536"
    "memorysetup-temp-allocator-size-cloud-worker=32768"
    "memorysetup-temp-allocator-size-gi-baking-worker=262144"
    "memorysetup-temp-allocator-size-gfx=262144"
Refreshing native plugins compatible for Editor in 85.32 ms, found 3 plugins.
Preloading 0 native plugins for Editor in 0.00 ms.
Initialize engine version: 2021.2.3f1 (32358a8527b4)
[Subsystems] Discovering subsystems at path C:/Program Files/Unity/Hub/Editor/2021.2.3f1/Editor/Data/Resources/UnitySubsystems
[Subsystems] Discovering subsystems at path C:/Users/asus/OneDrive/Desktop/Projects/Unity projects/GamePhysicsPrj/Assets
GfxDevice: creating device client; threaded=0; jobified=0
Direct3D:
    Version:  Direct3D 11.0 [level 11.1]
    Renderer: NVIDIA GeForce GTX 1650 (ID=0x1f99)
    Vendor:   NVIDIA
    VRAM:     3962 MB
    Driver:   30.0.14.9676
Initialize mono
Mono path[0] = 'C:/Program Files/Unity/Hub/Editor/2021.2.3f1/Editor/Data/Managed'
Mono path[1] = 'C:/Program Files/Unity/Hub/Editor/2021.2.3f1/Editor/Data/MonoBleedingEdge/lib/mono/unityjit-win32'
Mono config path = 'C:/Program Files/Unity/Hub/Editor/2021.2.3f1/Editor/Data/MonoBleedingEdge/etc'
Using monoOptions --debugger-agent=transport=dt_socket,embedding=1,server=y,suspend=n,address=127.0.0.1:56384
Begin MonoManager ReloadAssembly
Registering precompiled unity dll's ...
Register platform support module: C:/Program Files/Unity/Hub/Editor/2021.2.3f1/Editor/Data/PlaybackEngines/WindowsStandaloneSupport/UnityEditor.WindowsStandalone.Extensions.dll
Registered in 0.012347 seconds.
Native extension for WindowsStandalone target not found
Refreshing native plugins compatible for Editor in 79.21 ms, found 3 plugins.
Preloading 0 native plugins for Editor in 0.00 ms.
Mono: successfully reloaded assembly
- Completed reload, in  0.669 seconds
Domain Reload Profiling:
	ReloadAssembly (670ms)
		BeginReloadAssembly (93ms)
			ExecutionOrderSort (0ms)
			DisableScriptedObjects (0ms)
			BackupInstance (0ms)
			ReleaseScriptingObjects (0ms)
			CreateAndSetChildDomain (1ms)
		EndReloadAssembly (481ms)
			LoadAssemblies (89ms)
			RebuildTransferFunctionScriptingTraits (0ms)
			SetupTypeCache (114ms)
			ReleaseScriptCaches (0ms)
			RebuildScriptCaches (31ms)
			SetupLoadedEditorAssemblies (276ms)
				LogAssemblyErrors (0ms)
				InitializePlatformSupportModulesInManaged (16ms)
				SetLoadedEditorAssemblies (0ms)
				RefreshPlugins (79ms)
				BeforeProcessingInitializeOnLoad (1ms)
				ProcessInitializeOnLoadAttributes (129ms)
				ProcessInitializeOnLoadMethodAttributes (49ms)
				AfterProcessingInitializeOnLoad (0ms)
				EditorAssembliesLoaded (0ms)
			ExecutionOrderSort2 (0ms)
			AwakeInstancesAfterBackupRestoration (0ms)
Platform modules already initialized, skipping
Registering precompiled user dll's ...
Registered in 0.010101 seconds.
Begin MonoManager ReloadAssembly
Symbol file LoadedFromMemory doesn't match image C:\Users\asus\OneDrive\Desktop\Projects\Unity projects\GamePhysicsPrj\Library\PackageCache\com.unity.visualscripting@1.7.5\Editor\VisualScripting.Core\Dependencies\YamlDotNet\Unity.VisualScripting.YamlDotNet.dll
Symbol file LoadedFromMemory doesn't match image C:\Users\asus\OneDrive\Desktop\Projects\Unity projects\GamePhysicsPrj\Library\PackageCache\com.unity.visualscripting@1.7.5\Editor\VisualScripting.Core\Dependencies\DotNetZip\Unity.VisualScripting.IonicZip.dll
Native extension for WindowsStandalone target not found
Refreshing native plugins compatible for Editor in 1.10 ms, found 3 plugins.
Preloading 0 native plugins for Editor in 0.00 ms.
Mono: successfully reloaded assembly
- Completed reload, in  1.447 seconds
Domain Reload Profiling:
	ReloadAssembly (1447ms)
		BeginReloadAssembly (194ms)
			ExecutionOrderSort (0ms)
			DisableScriptedObjects (6ms)
			BackupInstance (0ms)
			ReleaseScriptingObjects (0ms)
			CreateAndSetChildDomain (23ms)
		EndReloadAssembly (1122ms)
			LoadAssemblies (113ms)
			RebuildTransferFunctionScriptingTraits (0ms)
			SetupTypeCache (355ms)
			ReleaseScriptCaches (1ms)
			RebuildScriptCaches (76ms)
			SetupLoadedEditorAssemblies (451ms)
				LogAssemblyErrors (0ms)
				InitializePlatformSupportModulesInManaged (20ms)
				SetLoadedEditorAssemblies (1ms)
				RefreshPlugins (1ms)
				BeforeProcessingInitializeOnLoad (132ms)
				ProcessInitializeOnLoadAttributes (258ms)
				ProcessInitializeOnLoadMethodAttributes (28ms)
				AfterProcessingInitializeOnLoad (11ms)
				EditorAssembliesLoaded (0ms)
			ExecutionOrderSort2 (0ms)
			AwakeInstancesAfterBackupRestoration (5ms)
Platform modules already initialized, skipping
========================================================================
Worker process is ready to serve import requests
Launched and connected shader compiler UnityShaderCompiler.exe after 0.09 seconds
Refreshing native plugins compatible for Editor in 1.97 ms, found 3 plugins.
Preloading 0 native plugins for Editor in 0.00 ms.
Unloading 3210 Unused Serialized files (Serialized files now loaded: 0)
Unloading 26 unused Assets / (111.8 KB). Loaded Objects now: 3691.
Memory consumption went from 134.8 MB to 134.7 MB.
Total: 4.801800 ms (FindLiveObjects: 0.601500 ms CreateObjectMapping: 0.135400 ms MarkObjects: 3.891900 ms  DeleteObjects: 0.169600 ms)

AssetImportParameters requested are different than current active one (requested -> active):
  custom:video-decoder-ogg-theora: a1e56fd34408186e4bbccfd4996cb3dc -> 
  custom:container-muxer-webm: aa71ff27fc2769a1b78a27578f13a17b -> 
  custom:container-demuxer-webm: 4f35f7cbe854078d1ac9338744f61a02 -> 
  custom:video-encoder-webm-vp8: eb34c28f22e8b96e1ab97ce403110664 -> 
  custom:video-codec-MediaFoundation-h265: 746d11721c4dcdbdad8f713fa42b33f4 -> 
  custom:audio-encoder-webm-vorbis: bf7c407c2cedff20999df2af8eb42d56 -> 
  custom:framework-win-MediaFoundation: 216162199b28c13a410421893ffa2e32 -> 
  custom:container-demuxer-ogg: 62fdf1f143b41e24485cea50d1cbac27 -> 
  custom:video-decoder-webm-vp8: 9c59270c3fd7afecdb556c50c9e8de78 -> 
  custom:audio-decoder-ogg-vorbis: bf7c407c2cedff20999df2af8eb42d56 -> 
========================================================================
Received Import Request.
  Time since last request: 9093.328023 seconds.
  path: Assets/New Material.mat
  artifactKey: Guid(575b07e6ca452d3488bbc00d9d6d8d12) Importer(815301076,1909f56bfc062723c751e8b465ee728b)
Start importing Assets/New Material.mat using Guid(575b07e6ca452d3488bbc00d9d6d8d12) Importer(815301076,1909f56bfc062723c751e8b465ee728b)  -> (artifact id: '49e18bdc1d4de88c34d8d5dbdd4a8f59') in 0.193725 seconds 
========================================================================
Received Import Request.
  Time since last request: 5049.552302 seconds.
  path: Assets/Yughues Free Palm Trees/Textures/Palm trees normal.tga
  artifactKey: Guid(35651144e1d82d9428c70a87fa6e77a6) Importer(815301076,1909f56bfc062723c751e8b465ee728b)
Start importing Assets/Yughues Free Palm Trees/Textures/Palm trees normal.tga using Guid(35651144e1d82d9428c70a87fa6e77a6) Importer(815301076,1909f56bfc062723c751e8b465ee728b)  -> (artifact id: 'fa3f27b6e2a38789f91dbc0d9423cade') in 0.264633 seconds 
========================================================================
Received Import Request.
  Time since last request: 13.223698 seconds.
  path: Assets/ADG_Textures/ground_vol1/ground6/ground6_Diffuse.tga
  artifactKey: Guid(6dff70b1f69dbc640b854ad550b78c39) Importer(815301076,1909f56bfc062723c751e8b465ee728b)
Start importing Assets/ADG_Textures/ground_vol1/ground6/ground6_Diffuse.tga using Guid(6dff70b1f69dbc640b854ad550b78c39) Importer(815301076,1909f56bfc062723c751e8b465ee728b)  -> (artifact id: 'dbd68cd99ddeb05fe2d961e576eeb57a') in 0.037472 seconds 
========================================================================
Received Import Request.
  Time since last request: 0.344629 seconds.
  path: Assets/ADG_Textures/ground_vol1/ground6/ground6_Metallic.tga
  artifactKey: Guid(587f7b9aecf33ee4b8f2c5ca769cd35a) Importer(815301076,1909f56bfc062723c751e8b465ee728b)
Start importing Assets/ADG_Textures/ground_vol1/ground6/ground6_Metallic.tga using Guid(587f7b9aecf33ee4b8f2c5ca769cd35a) Importer(815301076,1909f56bfc062723c751e8b465ee728b)  -> (artifact id: 'f56b956d0fe0fcdd4382fc2db41886a9') in 0.033253 seconds 
========================================================================
Received Import Request.
  Time since last request: 0.460771 seconds.
  path: Assets/ADG_Textures/ground_vol1/ground7/ground7_Ambient_Occlusion.tga
  artifactKey: Guid(39069846104692045a9ba8eda0dbad6d) Importer(815301076,1909f56bfc062723c751e8b465ee728b)
Start importing Assets/ADG_Textures/ground_vol1/ground7/ground7_Ambient_Occlusion.tga using Guid(39069846104692045a9ba8eda0dbad6d) Importer(815301076,1909f56bfc062723c751e8b465ee728b)  -> (artifact id: '97fb632d6a0977e3190a451c8a71708b') in 0.031650 seconds 
========================================================================
Received Import Request.
  Time since last request: 0.031245 seconds.
  path: Assets/ADG_Textures/ground_vol1/ground7/ground7_Diffuse.tga
  artifactKey: Guid(3d6ea8373013b3546a620f84802e06f6) Importer(815301076,1909f56bfc062723c751e8b465ee728b)
Start importing Assets/ADG_Textures/ground_vol1/ground7/ground7_Diffuse.tga using Guid(3d6ea8373013b3546a620f84802e06f6) Importer(815301076,1909f56bfc062723c751e8b465ee728b)  -> (artifact id: '9c9437939109842bf1b58ce670f00fbf') in 0.031593 seconds 
========================================================================
Received Import Request.
  Time since last request: 0.368218 seconds.
  path: Assets/ADG_Textures/ground_vol1/ground7/ground7_Normal.tga
  artifactKey: Guid(772b522eb070d9c4fa30ce003900a485) Importer(815301076,1909f56bfc062723c751e8b465ee728b)
Start importing Assets/ADG_Textures/ground_vol1/ground7/ground7_Normal.tga using Guid(772b522eb070d9c4fa30ce003900a485) Importer(815301076,1909f56bfc062723c751e8b465ee728b)  -> (artifact id: 'cdc49ef08af919e92ea8166c881ba102') in 0.039625 seconds 
========================================================================
Received Import Request.
  Time since last request: 0.000037 seconds.
  path: Assets/ADG_Textures/ground_vol1/ground8/ground8_Ambient_Occlusion.tga
  artifactKey: Guid(83f79670916b18a4cb3dd454e8c6c7e2) Importer(815301076,1909f56bfc062723c751e8b465ee728b)
Start importing Assets/ADG_Textures/ground_vol1/ground8/ground8_Ambient_Occlusion.tga using Guid(83f79670916b18a4cb3dd454e8c6c7e2) Importer(815301076,1909f56bfc062723c751e8b465ee728b)  -> (artifact id: '773995c26d7107e5033507eb34e91709') in 0.038506 seconds 
========================================================================
Received Import Request.
  Time since last request: 0.368536 seconds.
  path: Assets/ADG_Textures/ground_vol1/ground8/ground8_Metallic.tga
  artifactKey: Guid(a08e6063e7e3b4a45b860146c8c613dc) Importer(815301076,1909f56bfc062723c751e8b465ee728b)
Start importing Assets/ADG_Textures/ground_vol1/ground8/ground8_Metallic.tga using Guid(a08e6063e7e3b4a45b860146c8c613dc) Importer(815301076,1909f56bfc062723c751e8b465ee728b)  -> (artifact id: '47a3c74994bb4384341a3a86bdfd8750') in 0.031236 seconds 
========================================================================
Received Import Request.
  Time since last request: 0.000054 seconds.
  path: Assets/ADG_Textures/ground_vol1/ground8/ground8_Normal.tga
  artifactKey: Guid(2d0eaf0b58831b049afa39bf24ea07c5) Importer(815301076,1909f56bfc062723c751e8b465ee728b)
Start importing Assets/ADG_Textures/ground_vol1/ground8/ground8_Normal.tga using Guid(2d0eaf0b58831b049afa39bf24ea07c5) Importer(815301076,1909f56bfc062723c751e8b465ee728b)  -> (artifact id: '9a47f238e9583f6eea7d03b2e31a92bb') in 0.045634 seconds 
========================================================================
Received Import Request.
  Time since last request: 0.039039 seconds.
  path: Assets/ADG_Textures/ground_vol1/ground9/ground9_Height.tga
  artifactKey: Guid(e9a070d57a52c914893b85e9501c4344) Importer(815301076,1909f56bfc062723c751e8b465ee728b)
Start importing Assets/ADG_Textures/ground_vol1/ground9/ground9_Height.tga using Guid(e9a070d57a52c914893b85e9501c4344) Importer(815301076,1909f56bfc062723c751e8b465ee728b)  -> (artifact id: '967aa4f4ff52cef96b6783d6eb1cdf8b') in 0.028507 seconds 
========================================================================
Received Import Request.
  Time since last request: 0.288554 seconds.
  path: Assets/ADG_Textures/ground_vol1/ground9/ground9_Normal.tga
  artifactKey: Guid(1868fa7be7ed59c45927c480c110c8d8) Importer(815301076,1909f56bfc062723c751e8b465ee728b)
Start importing Assets/ADG_Textures/ground_vol1/ground9/ground9_Normal.tga using Guid(1868fa7be7ed59c45927c480c110c8d8) Importer(815301076,1909f56bfc062723c751e8b465ee728b)  -> (artifact id: '3e9ab2804c90058e78b3ecdd8de23797') in 0.038248 seconds 
========================================================================
Received Import Request.
  Time since last request: 0.065696 seconds.
  path: Assets/ADG_Textures/ground_vol1/ground10/ground10_Diffuse.tga
  artifactKey: Guid(877fd89f59f209b48af33c4e3e45498d) Importer(815301076,1909f56bfc062723c751e8b465ee728b)
Start importing Assets/ADG_Textures/ground_vol1/ground10/ground10_Diffuse.tga using Guid(877fd89f59f209b48af33c4e3e45498d) Importer(815301076,1909f56bfc062723c751e8b465ee728b)  -> (artifact id: 'd828eef609c0405dbc2d0d6da1a92610') in 0.034196 seconds 
========================================================================
Received Import Request.
  Time since last request: 0.305309 seconds.
  path: Assets/ADG_Textures/ground_vol1/ground10/ground10_Metallic.tga
  artifactKey: Guid(3474fc5fa2382534a9b157133916e485) Importer(815301076,1909f56bfc062723c751e8b465ee728b)
Start importing Assets/ADG_Textures/ground_vol1/ground10/ground10_Metallic.tga using Guid(3474fc5fa2382534a9b157133916e485) Importer(815301076,1909f56bfc062723c751e8b465ee728b)  -> (artifact id: 'd26e768c28097db6ebe86a10098ac1b3') in 0.029896 seconds 
========================================================================
Received Import Request.
  Time since last request: 0.000032 seconds.
  path: Assets/ADG_Textures/ground_vol1/ground10/ground10_Normal.tga
  artifactKey: Guid(84794b884a1ed204f9ce92a773a3fb0e) Importer(815301076,1909f56bfc062723c751e8b465ee728b)
Start importing Assets/ADG_Textures/ground_vol1/ground10/ground10_Normal.tga using Guid(84794b884a1ed204f9ce92a773a3fb0e) Importer(815301076,1909f56bfc062723c751e8b465ee728b)  -> (artifact id: '81f0d9193923cda821556da22b5430b3') in 0.042843 seconds 
========================================================================
Received Import Request.
  Time since last request: 0.000041 seconds.
  path: Assets/ADG_Textures/ground_vol1/ground11/ground11_Diffuse.tga
  artifactKey: Guid(c43f9982d7a1d574f8ad78bdc6fa59b6) Importer(815301076,1909f56bfc062723c751e8b465ee728b)
Start importing Assets/ADG_Textures/ground_vol1/ground11/ground11_Diffuse.tga using Guid(c43f9982d7a1d574f8ad78bdc6fa59b6) Importer(815301076,1909f56bfc062723c751e8b465ee728b)  -> (artifact id: '61f053d36d9d5dc1ce6bb2a67cfb3e69') in 0.043676 seconds 
========================================================================
Received Import Request.
  Time since last request: 0.340207 seconds.
  path: Assets/ADG_Textures/ground_vol1/ground11/ground11_Normal.tga
  artifactKey: Guid(18065c20143a44f479d7c439a3455795) Importer(815301076,1909f56bfc062723c751e8b465ee728b)
Start importing Assets/ADG_Textures/ground_vol1/ground11/ground11_Normal.tga using Guid(18065c20143a44f479d7c439a3455795) Importer(815301076,1909f56bfc062723c751e8b465ee728b)  -> (artifact id: '854623a372861c31f5c20540ec8f8001') in 0.033305 seconds 
========================================================================
Received Import Request.
  Time since last request: 0.309702 seconds.
  path: Assets/ADG_Textures/ground_vol1/ground12/ground12_Diffuse.tga
  artifactKey: Guid(e5bdfc3501c76e542bf68ff5e1c84f67) Importer(815301076,1909f56bfc062723c751e8b465ee728b)
Start importing Assets/ADG_Textures/ground_vol1/ground12/ground12_Diffuse.tga using Guid(e5bdfc3501c76e542bf68ff5e1c84f67) Importer(815301076,1909f56bfc062723c751e8b465ee728b)  -> (artifact id: '9dffbe4056258c7ffa0d29e1cd0f13cc') in 0.029381 seconds 
========================================================================
Received Import Request.
  Time since last request: 0.047320 seconds.
  path: Assets/ADG_Textures/ground_vol1/ground12/ground12_Metallic.tga
  artifactKey: Guid(a3aed34c5d04f4f43a8e671599061421) Importer(815301076,1909f56bfc062723c751e8b465ee728b)
Start importing Assets/ADG_Textures/ground_vol1/ground12/ground12_Metallic.tga using Guid(a3aed34c5d04f4f43a8e671599061421) Importer(815301076,1909f56bfc062723c751e8b465ee728b)  -> (artifact id: '2ff932568d6d6435bb0e9f200c470b33') in 0.031059 seconds 
========================================================================
Received Import Request.
  Time since last request: 0.000049 seconds.
  path: Assets/ADG_Textures/ground_vol1/ground13/ground13_Ambient_Occlusion.tga
  artifactKey: Guid(2a99c17849836234e94e4e4b040bc253) Importer(815301076,1909f56bfc062723c751e8b465ee728b)
Start importing Assets/ADG_Textures/ground_vol1/ground13/ground13_Ambient_Occlusion.tga using Guid(2a99c17849836234e94e4e4b040bc253) Importer(815301076,1909f56bfc062723c751e8b465ee728b)  -> (artifact id: 'd2245f2cab7fb1470d755f8f2a96dcb5') in 0.040743 seconds 
========================================================================
Received Import Request.
  Time since last request: 0.286880 seconds.
  path: Assets/ADG_Textures/ground_vol1/ground13/ground13_Height.tga
  artifactKey: Guid(b7ef56f6ca2ab724e9fcf1949a7a1638) Importer(815301076,1909f56bfc062723c751e8b465ee728b)
Start importing Assets/ADG_Textures/ground_vol1/ground13/ground13_Height.tga using Guid(b7ef56f6ca2ab724e9fcf1949a7a1638) Importer(815301076,1909f56bfc062723c751e8b465ee728b)  -> (artifact id: 'c6e186e830714859d6a146e424531d2d') in 0.032123 seconds 
========================================================================
Received Import Request.
  Time since last request: 0.055238 seconds.
  path: Assets/ADG_Textures/ground_vol1/ground13/ground13_Normal.tga
  artifactKey: Guid(b2fb145365da39b43bb38b3d3d3db1eb) Importer(815301076,1909f56bfc062723c751e8b465ee728b)
Start importing Assets/ADG_Textures/ground_vol1/ground13/ground13_Normal.tga using Guid(b2fb145365da39b43bb38b3d3d3db1eb) Importer(815301076,1909f56bfc062723c751e8b465ee728b)  -> (artifact id: 'ea557cf81868d734d6d04cc4d3b4a4b8') in 0.034867 seconds 
========================================================================
Received Import Request.
  Time since last request: 0.204735 seconds.
  path: Assets/ADG_Textures/ground_vol1/ground14/ground14_Diffuse.tga
  artifactKey: Guid(b0701a45fb6c40346a84f5fd65653318) Importer(815301076,1909f56bfc062723c751e8b465ee728b)
Start importing Assets/ADG_Textures/ground_vol1/ground14/ground14_Diffuse.tga using Guid(b0701a45fb6c40346a84f5fd65653318) Importer(815301076,1909f56bfc062723c751e8b465ee728b)  -> (artifact id: '6fb589ffba807759fea3216ad14f26ca') in 0.039716 seconds 
========================================================================
Received Import Request.
  Time since last request: 0.000080 seconds.
  path: Assets/ADG_Textures/ground_vol1/ground14/ground14_Metallic.tga
  artifactKey: Guid(65f04b330297cc244aaa78ae4015f466) Importer(815301076,1909f56bfc062723c751e8b465ee728b)
Start importing Assets/ADG_Textures/ground_vol1/ground14/ground14_Metallic.tga using Guid(65f04b330297cc244aaa78ae4015f466) Importer(815301076,1909f56bfc062723c751e8b465ee728b)  -> (artifact id: '9dc30c499db3049f3a5b7b6e8886b5a0') in 0.046052 seconds 
========================================================================
Received Import Request.
  Time since last request: 0.373234 seconds.
  path: Assets/New Terrain.asset
  artifactKey: Guid(323a3c0853e0a56419607f5d18c99a8b) Importer(815301076,1909f56bfc062723c751e8b465ee728b)
Start importing Assets/New Terrain.asset using Guid(323a3c0853e0a56419607f5d18c99a8b) Importer(815301076,1909f56bfc062723c751e8b465ee728b)  -> (artifact id: '63738e7f817cdd6a3586083413e15b94') in 0.028831 seconds 
========================================================================
Received Import Request.
  Time since last request: 140.723722 seconds.
  path: Assets/Yughues Free Palm Trees/Materials/PalmTrees trunk Mat.mat
  artifactKey: Guid(f595b971babb1a74ab1c8a38deb8a52d) Importer(815301076,1909f56bfc062723c751e8b465ee728b)
Start importing Assets/Yughues Free Palm Trees/Materials/PalmTrees trunk Mat.mat using Guid(f595b971babb1a74ab1c8a38deb8a52d) Importer(815301076,1909f56bfc062723c751e8b465ee728b)  -> (artifact id: 'aad191b44f298ab5ec232fb24f1ff221') in 0.141191 seconds 
========================================================================
Received Import Request.
  Time since last request: 89.603102 seconds.
  path: Assets/Yughues Free Palm Trees/Prefabs/PalmTreeSingleStraightTwoSided.prefab
  artifactKey: Guid(03566e50eb2d319468a8720030b6bcf6) Importer(815301076,1909f56bfc062723c751e8b465ee728b)
Start importing Assets/Yughues Free Palm Trees/Prefabs/PalmTreeSingleStraightTwoSided.prefab using Guid(03566e50eb2d319468a8720030b6bcf6) Importer(815301076,1909f56bfc062723c751e8b465ee728b)  -> (artifact id: 'd9515edaaf14a1e0123e734e39db968a') in 0.206455 seconds 
========================================================================
Received Import Request.
  Time since last request: 48.535006 seconds.
  path: Assets/Yughues Free Palm Trees/Meshes/PalmTreeTrio.FBX
  artifactKey: Guid(f9899d40134ed2642b1712b4bcede2de) Importer(815301076,1909f56bfc062723c751e8b465ee728b)
Start importing Assets/Yughues Free Palm Trees/Meshes/PalmTreeTrio.FBX using Guid(f9899d40134ed2642b1712b4bcede2de) Importer(815301076,1909f56bfc062723c751e8b465ee728b)  -> (artifact id: 'c3f3e12ff2dd19cbd59f9b2505736b8f') in 0.213351 seconds 
========================================================================
Received Import Request.
  Time since last request: 1649.607054 seconds.
  path: Assets/Traffic Essentials Asset Pack/NEWPrefabs/CurvedGuardRail2.prefab
  artifactKey: Guid(5e2641858c54b814a9b47c6981ce0786) Importer(815301076,1909f56bfc062723c751e8b465ee728b)
Start importing Assets/Traffic Essentials Asset Pack/NEWPrefabs/CurvedGuardRail2.prefab using Guid(5e2641858c54b814a9b47c6981ce0786) Importer(815301076,1909f56bfc062723c751e8b465ee728b)  -> (artifact id: 'e8cafb7f44b9a98022b924c913c688cb') in 0.379557 seconds 
========================================================================
Received Import Request.
  Time since last request: 0.000043 seconds.
  path: Assets/Traffic Essentials Asset Pack/NEWPrefabs/OneWay2.prefab
  artifactKey: Guid(a2e1e02144a3b7542b80530afe318e78) Importer(815301076,1909f56bfc062723c751e8b465ee728b)
Start importing Assets/Traffic Essentials Asset Pack/NEWPrefabs/OneWay2.prefab using Guid(a2e1e02144a3b7542b80530afe318e78) Importer(815301076,1909f56bfc062723c751e8b465ee728b)  -> (artifact id: 'c7881ab31f619a1ffb5b67118c8400ee') in 0.063582 seconds 
========================================================================
Received Import Request.
  Time since last request: 0.000044 seconds.
  path: Assets/Traffic Essentials Asset Pack/NEWPrefabs/StreetLight.prefab
  artifactKey: Guid(f19e1785acfa6564d86223068b4fba60) Importer(815301076,1909f56bfc062723c751e8b465ee728b)
Start importing Assets/Traffic Essentials Asset Pack/NEWPrefabs/StreetLight.prefab using Guid(f19e1785acfa6564d86223068b4fba60) Importer(815301076,1909f56bfc062723c751e8b465ee728b)  -> (artifact id: '08b835fcc294c85c9ec55998bae8d2cc') in 0.427326 seconds 
========================================================================
Received Import Request.
  Time since last request: 0.000045 seconds.
  path: Assets/Traffic Essentials Asset Pack/NEWPrefabs/OneWay1.prefab
  artifactKey: Guid(9240689dcd1aa154dad5af7b1f9ace3f) Importer(815301076,1909f56bfc062723c751e8b465ee728b)
Start importing Assets/Traffic Essentials Asset Pack/NEWPrefabs/OneWay1.prefab using Guid(9240689dcd1aa154dad5af7b1f9ace3f) Importer(815301076,1909f56bfc062723c751e8b465ee728b)  -> (artifact id: '76d4954b3cad009299c85641ac8b2195') in 0.048742 seconds 
========================================================================
Received Import Request.
  Time since last request: 0.000073 seconds.
  path: Assets/Traffic Essentials Asset Pack/NEWPrefabs/GuardRail Post.prefab
  artifactKey: Guid(18297b989e2de3c47b4c5895acf13e17) Importer(815301076,1909f56bfc062723c751e8b465ee728b)
Start importing Assets/Traffic Essentials Asset Pack/NEWPrefabs/GuardRail Post.prefab using Guid(18297b989e2de3c47b4c5895acf13e17) Importer(815301076,1909f56bfc062723c751e8b465ee728b)  -> (artifact id: '7d6331666c17227200672fc5275701f7') in 0.037854 seconds 
========================================================================
Received Import Request.
  Time since last request: 0.000032 seconds.
  path: Assets/Traffic Essentials Asset Pack/NEWPrefabs/RoadWorkAheadSign.prefab
  artifactKey: Guid(c346d7276b40b374c9e0afeea0238ae3) Importer(815301076,1909f56bfc062723c751e8b465ee728b)
Start importing Assets/Traffic Essentials Asset Pack/NEWPrefabs/RoadWorkAheadSign.prefab using Guid(c346d7276b40b374c9e0afeea0238ae3) Importer(815301076,1909f56bfc062723c751e8b465ee728b)  -> (artifact id: 'bf1966c85a0e8227bfcf57156dabd699') in 0.047582 seconds 
========================================================================
Received Import Request.
  Time since last request: 0.000124 seconds.
  path: Assets/Traffic Essentials Asset Pack/NEWPrefabs/ParkingMeter.prefab
  artifactKey: Guid(c5df52fbca8437a49958539a8455b801) Importer(815301076,1909f56bfc062723c751e8b465ee728b)
Start importing Assets/Traffic Essentials Asset Pack/NEWPrefabs/ParkingMeter.prefab using Guid(c5df52fbca8437a49958539a8455b801) Importer(815301076,1909f56bfc062723c751e8b465ee728b)  -> (artifact id: '687c73eca0651efcfb83c5eae3da7c6c') in 0.057493 seconds 
========================================================================
Received Import Request.
  Time since last request: 0.000057 seconds.
  path: Assets/Traffic Essentials Asset Pack/NEWPrefabs/TallPylon.prefab
  artifactKey: Guid(786588e39ad89774ba7578fa88884546) Importer(815301076,1909f56bfc062723c751e8b465ee728b)
Start importing Assets/Traffic Essentials Asset Pack/NEWPrefabs/TallPylon.prefab using Guid(786588e39ad89774ba7578fa88884546) Importer(815301076,1909f56bfc062723c751e8b465ee728b)  -> (artifact id: '8ca5bfab60928dd4f8081afdd137e3a3') in 0.048116 seconds 
========================================================================
Received Import Request.
  Time since last request: 0.000046 seconds.
  path: Assets/Traffic Essentials Asset Pack/NEWPrefabs/MetalPole.prefab
  artifactKey: Guid(ff0f2161f1d05294f9e6649dee40bb76) Importer(815301076,1909f56bfc062723c751e8b465ee728b)
Start importing Assets/Traffic Essentials Asset Pack/NEWPrefabs/MetalPole.prefab using Guid(ff0f2161f1d05294f9e6649dee40bb76) Importer(815301076,1909f56bfc062723c751e8b465ee728b)  -> (artifact id: '30b3735cefdb0916374705b2334feacd') in 0.027028 seconds 
========================================================================
Received Import Request.
  Time since last request: 0.000058 seconds.
  path: Assets/Traffic Essentials Asset Pack/NEWPrefabs/Traffic Light.prefab
  artifactKey: Guid(da2b3557f9ef2a8438ae977a154bc015) Importer(815301076,1909f56bfc062723c751e8b465ee728b)
Start importing Assets/Traffic Essentials Asset Pack/NEWPrefabs/Traffic Light.prefab using Guid(da2b3557f9ef2a8438ae977a154bc015) Importer(815301076,1909f56bfc062723c751e8b465ee728b)  -> (artifact id: '17599b26ef866b671b30f7d50993168e') in 0.359271 seconds 
========================================================================
Received Import Request.
  Time since last request: 0.000055 seconds.
  path: Assets/Traffic Essentials Asset Pack/NEWPrefabs/FireHydrant.prefab
  artifactKey: Guid(10c9c5bf5053a1b41918cb1ccec3295b) Importer(815301076,1909f56bfc062723c751e8b465ee728b)
Start importing Assets/Traffic Essentials Asset Pack/NEWPrefabs/FireHydrant.prefab using Guid(10c9c5bf5053a1b41918cb1ccec3295b) Importer(815301076,1909f56bfc062723c751e8b465ee728b)  -> (artifact id: '99a78163e4367f398ab9d2c39ce9252e') in 0.059438 seconds 
========================================================================
Received Import Request.
  Time since last request: 0.000111 seconds.
  path: Assets/Traffic Essentials Asset Pack/NEWPrefabs/Pedestrian Light.prefab
  artifactKey: Guid(b405c08fd2a5d2541a59055ec0ae4bb1) Importer(815301076,1909f56bfc062723c751e8b465ee728b)
Start importing Assets/Traffic Essentials Asset Pack/NEWPrefabs/Pedestrian Light.prefab using Guid(b405c08fd2a5d2541a59055ec0ae4bb1) Importer(815301076,1909f56bfc062723c751e8b465ee728b)  -> (artifact id: '6e320a9ac777e7fccf2ba56eecdc7f9b') in 0.040416 seconds 
========================================================================
Received Import Request.
  Time since last request: 0.000118 seconds.
  path: Assets/Traffic Essentials Asset Pack/NEWPrefabs/SpeedLimit50Sign.prefab
  artifactKey: Guid(cb8fc2d81b49daa4786c79796a8781ee) Importer(815301076,1909f56bfc062723c751e8b465ee728b)
Start importing Assets/Traffic Essentials Asset Pack/NEWPrefabs/SpeedLimit50Sign.prefab using Guid(cb8fc2d81b49daa4786c79796a8781ee) Importer(815301076,1909f56bfc062723c751e8b465ee728b)  -> (artifact id: '1b9871f122f4f5afcb8c5b095f403f6e') in 0.039153 seconds 
========================================================================
Received Prepare
Registering precompiled user dll's ...
Registered in 0.016232 seconds.
Begin MonoManager ReloadAssembly
Symbol file LoadedFromMemory doesn't match image C:\Users\asus\OneDrive\Desktop\Projects\Unity projects\GamePhysicsPrj\Library\PackageCache\com.unity.visualscripting@1.7.5\Editor\VisualScripting.Core\Dependencies\YamlDotNet\Unity.VisualScripting.YamlDotNet.dll
Symbol file LoadedFromMemory doesn't match image C:\Users\asus\OneDrive\Desktop\Projects\Unity projects\GamePhysicsPrj\Library\PackageCache\com.unity.visualscripting@1.7.5\Editor\VisualScripting.Core\Dependencies\DotNetZip\Unity.VisualScripting.IonicZip.dll
Native extension for WindowsStandalone target not found
Refreshing native plugins compatible for Editor in 2.13 ms, found 3 plugins.
Preloading 0 native plugins for Editor in 0.00 ms.
Mono: successfully reloaded assembly
- Completed reload, in  2.332 seconds
Domain Reload Profiling:
	ReloadAssembly (2333ms)
		BeginReloadAssembly (643ms)
			ExecutionOrderSort (0ms)
			DisableScriptedObjects (30ms)
			BackupInstance (0ms)
			ReleaseScriptingObjects (0ms)
			CreateAndSetChildDomain (266ms)
		EndReloadAssembly (1492ms)
			LoadAssemblies (235ms)
			RebuildTransferFunctionScriptingTraits (0ms)
			SetupTypeCache (413ms)
			ReleaseScriptCaches (1ms)
			RebuildScriptCaches (61ms)
			SetupLoadedEditorAssemblies (485ms)
				LogAssemblyErrors (0ms)
				InitializePlatformSupportModulesInManaged (24ms)
				SetLoadedEditorAssemblies (2ms)
				RefreshPlugins (2ms)
				BeforeProcessingInitializeOnLoad (122ms)
				ProcessInitializeOnLoadAttributes (290ms)
				ProcessInitializeOnLoadMethodAttributes (31ms)
				AfterProcessingInitializeOnLoad (14ms)
				EditorAssembliesLoaded (0ms)
			ExecutionOrderSort2 (0ms)
			AwakeInstancesAfterBackupRestoration (30ms)
Platform modules already initialized, skipping
Refreshing native plugins compatible for Editor in 0.88 ms, found 3 plugins.
Preloading 0 native plugins for Editor in 0.00 ms.
Unloading 3229 Unused Serialized files (Serialized files now loaded: 0)
Unloading 21 unused Assets / (79.1 KB). Loaded Objects now: 4101.
Memory consumption went from 228.3 MB to 228.3 MB.
Total: 7.118900 ms (FindLiveObjects: 0.354300 ms CreateObjectMapping: 0.162200 ms MarkObjects: 6.437900 ms  DeleteObjects: 0.162700 ms)

AssetImportParameters requested are different than current active one (requested -> active):
  custom:video-decoder-ogg-theora: a1e56fd34408186e4bbccfd4996cb3dc -> 
  custom:container-muxer-webm: aa71ff27fc2769a1b78a27578f13a17b -> 
  custom:container-demuxer-webm: 4f35f7cbe854078d1ac9338744f61a02 -> 
  custom:video-encoder-webm-vp8: eb34c28f22e8b96e1ab97ce403110664 -> 
  custom:video-codec-MediaFoundation-h265: 746d11721c4dcdbdad8f713fa42b33f4 -> 
  custom:audio-encoder-webm-vorbis: bf7c407c2cedff20999df2af8eb42d56 -> 
  custom:framework-win-MediaFoundation: 216162199b28c13a410421893ffa2e32 -> 
  custom:container-demuxer-ogg: 62fdf1f143b41e24485cea50d1cbac27 -> 
  custom:video-decoder-webm-vp8: 9c59270c3fd7afecdb556c50c9e8de78 -> 
  custom:audio-decoder-ogg-vorbis: bf7c407c2cedff20999df2af8eb42d56 -> 
========================================================================
Received Prepare
Registering precompiled user dll's ...
Registered in 0.019110 seconds.
Begin MonoManager ReloadAssembly
Symbol file LoadedFromMemory doesn't match image C:\Users\asus\OneDrive\Desktop\Projects\Unity projects\GamePhysicsPrj\Library\PackageCache\com.unity.visualscripting@1.7.5\Editor\VisualScripting.Core\Dependencies\YamlDotNet\Unity.VisualScripting.YamlDotNet.dll
Symbol file LoadedFromMemory doesn't match image C:\Users\asus\OneDrive\Desktop\Projects\Unity projects\GamePhysicsPrj\Library\PackageCache\com.unity.visualscripting@1.7.5\Editor\VisualScripting.Core\Dependencies\DotNetZip\Unity.VisualScripting.IonicZip.dll
Native extension for WindowsStandalone target not found
Refreshing native plugins compatible for Editor in 1.07 ms, found 3 plugins.
Preloading 0 native plugins for Editor in 0.00 ms.
Mono: successfully reloaded assembly
- Completed reload, in  1.856 seconds
Domain Reload Profiling:
	ReloadAssembly (1857ms)
		BeginReloadAssembly (327ms)
			ExecutionOrderSort (0ms)
			DisableScriptedObjects (45ms)
			BackupInstance (0ms)
			ReleaseScriptingObjects (0ms)
			CreateAndSetChildDomain (88ms)
		EndReloadAssembly (1377ms)
			LoadAssemblies (163ms)
			RebuildTransferFunctionScriptingTraits (0ms)
			SetupTypeCache (437ms)
			ReleaseScriptCaches (2ms)
			RebuildScriptCaches (48ms)
			SetupLoadedEditorAssemblies (509ms)
				LogAssemblyErrors (0ms)
				InitializePlatformSupportModulesInManaged (22ms)
				SetLoadedEditorAssemblies (1ms)
				RefreshPlugins (1ms)
				BeforeProcessingInitializeOnLoad (152ms)
				ProcessInitializeOnLoadAttributes (285ms)
				ProcessInitializeOnLoadMethodAttributes (30ms)
				AfterProcessingInitializeOnLoad (17ms)
				EditorAssembliesLoaded (0ms)
			ExecutionOrderSort2 (0ms)
			AwakeInstancesAfterBackupRestoration (63ms)
Platform modules already initialized, skipping
Refreshing native plugins compatible for Editor in 0.96 ms, found 3 plugins.
Preloading 0 native plugins for Editor in 0.00 ms.
Unloading 3205 Unused Serialized files (Serialized files now loaded: 0)
Unloading 21 unused Assets / (79.4 KB). Loaded Objects now: 4103.
Memory consumption went from 227.5 MB to 227.5 MB.
Total: 4.510100 ms (FindLiveObjects: 0.557400 ms CreateObjectMapping: 0.237700 ms MarkObjects: 3.607900 ms  DeleteObjects: 0.104600 ms)

AssetImportParameters requested are different than current active one (requested -> active):
  custom:video-decoder-ogg-theora: a1e56fd34408186e4bbccfd4996cb3dc -> 
  custom:container-muxer-webm: aa71ff27fc2769a1b78a27578f13a17b -> 
  custom:container-demuxer-webm: 4f35f7cbe854078d1ac9338744f61a02 -> 
  custom:video-encoder-webm-vp8: eb34c28f22e8b96e1ab97ce403110664 -> 
  custom:video-codec-MediaFoundation-h265: 746d11721c4dcdbdad8f713fa42b33f4 -> 
  custom:audio-encoder-webm-vorbis: bf7c407c2cedff20999df2af8eb42d56 -> 
  custom:framework-win-MediaFoundation: 216162199b28c13a410421893ffa2e32 -> 
  custom:container-demuxer-ogg: 62fdf1f143b41e24485cea50d1cbac27 -> 
  custom:video-decoder-webm-vp8: 9c59270c3fd7afecdb556c50c9e8de78 -> 
  custom:audio-decoder-ogg-vorbis: bf7c407c2cedff20999df2af8eb42d56 -> 
========================================================================
Received Prepare
Registering precompiled user dll's ...
Registered in 0.018514 seconds.
Begin MonoManager ReloadAssembly
Symbol file LoadedFromMemory doesn't match image C:\Users\asus\OneDrive\Desktop\Projects\Unity projects\GamePhysicsPrj\Library\PackageCache\com.unity.visualscripting@1.7.5\Editor\VisualScripting.Core\Dependencies\YamlDotNet\Unity.VisualScripting.YamlDotNet.dll
Symbol file LoadedFromMemory doesn't match image C:\Users\asus\OneDrive\Desktop\Projects\Unity projects\GamePhysicsPrj\Library\PackageCache\com.unity.visualscripting@1.7.5\Editor\VisualScripting.Core\Dependencies\DotNetZip\Unity.VisualScripting.IonicZip.dll
Native extension for WindowsStandalone target not found
Refreshing native plugins compatible for Editor in 0.72 ms, found 3 plugins.
Preloading 0 native plugins for Editor in 0.00 ms.
Mono: successfully reloaded assembly
- Completed reload, in  1.812 seconds
Domain Reload Profiling:
	ReloadAssembly (1814ms)
		BeginReloadAssembly (225ms)
			ExecutionOrderSort (0ms)
			DisableScriptedObjects (11ms)
			BackupInstance (0ms)
			ReleaseScriptingObjects (0ms)
			CreateAndSetChildDomain (51ms)
		EndReloadAssembly (1392ms)
			LoadAssemblies (155ms)
			RebuildTransferFunctionScriptingTraits (0ms)
			SetupTypeCache (507ms)
			ReleaseScriptCaches (1ms)
			RebuildScriptCaches (61ms)
			SetupLoadedEditorAssemblies (475ms)
				LogAssemblyErrors (0ms)
				InitializePlatformSupportModulesInManaged (21ms)
				SetLoadedEditorAssemblies (1ms)
				RefreshPlugins (1ms)
				BeforeProcessingInitializeOnLoad (102ms)
				ProcessInitializeOnLoadAttributes (292ms)
				ProcessInitializeOnLoadMethodAttributes (40ms)
				AfterProcessingInitializeOnLoad (18ms)
				EditorAssembliesLoaded (0ms)
			ExecutionOrderSort2 (0ms)
			AwakeInstancesAfterBackupRestoration (61ms)
Platform modules already initialized, skipping
Refreshing native plugins compatible for Editor in 1.03 ms, found 3 plugins.
Preloading 0 native plugins for Editor in 0.00 ms.
Unloading 3205 Unused Serialized files (Serialized files now loaded: 0)
Unloading 21 unused Assets / (79.3 KB). Loaded Objects now: 4105.
Memory consumption went from 227.6 MB to 227.5 MB.
Total: 4.020200 ms (FindLiveObjects: 0.545700 ms CreateObjectMapping: 0.140600 ms MarkObjects: 3.217500 ms  DeleteObjects: 0.113500 ms)

AssetImportParameters requested are different than current active one (requested -> active):
  custom:video-decoder-ogg-theora: a1e56fd34408186e4bbccfd4996cb3dc -> 
  custom:container-muxer-webm: aa71ff27fc2769a1b78a27578f13a17b -> 
  custom:container-demuxer-webm: 4f35f7cbe854078d1ac9338744f61a02 -> 
  custom:video-encoder-webm-vp8: eb34c28f22e8b96e1ab97ce403110664 -> 
  custom:video-codec-MediaFoundation-h265: 746d11721c4dcdbdad8f713fa42b33f4 -> 
  custom:audio-encoder-webm-vorbis: bf7c407c2cedff20999df2af8eb42d56 -> 
  custom:framework-win-MediaFoundation: 216162199b28c13a410421893ffa2e32 -> 
  custom:container-demuxer-ogg: 62fdf1f143b41e24485cea50d1cbac27 -> 
  custom:video-decoder-webm-vp8: 9c59270c3fd7afecdb556c50c9e8de78 -> 
  custom:audio-decoder-ogg-vorbis: bf7c407c2cedff20999df2af8eb42d56 -> 
